<?xml version="1.0" encoding="UTF-8"?>
<testsuite xmlns:xsi="http://www.w3.org/2001/XMLSchema-instance" xsi:noNamespaceSchemaLocation="https://maven.apache.org/surefire/maven-surefire-plugin/xsd/surefire-test-report.xsd" name="test.java.AcercaTest" time="1.759" tests="3" errors="0" skipped="0" failures="0">
  <properties>
[...]
</properties>
  <testcase name="testEtiquetas" classname="test.java.AcercaTest" time="0"/>
  <testcase name="testTitulo" classname="test.java.AcercaTest" time="0"/>
  <testcase name="testBotonAceptar" classname="test.java.AcercaTest" time="0.01"/>
</testsuite>