<?xml version="1.0" encoding="UTF-8" standalone="yes"?><!DOCTYPE report PUBLIC "-//JACOCO//DTD Report 1.1//EN" "report.dtd"><report name="reto4"><sessioninfo id="Santi-1ad687c9" start="1723740646759" dump="1723740650449"/><package name="src/main/java"><class name="src/main/java/VHotel$8" sourcefilename="VHotel.java"><method name="&lt;init&gt;" desc="(Lsrc/main/java/VHotel;)V" line="1143"><counter type="INSTRUCTION" missed="0" covered="6"/><counter type="LINE" missed="0" covered="1"/><counter type="COMPLEXITY" missed="0" covered="1"/><counter type="METHOD" missed="0" covered="1"/></method><method name="actionPerformed" desc="(Ljava/awt/event/ActionEvent;)V" line="1145"><counter type="INSTRUCTION" missed="5" covered="0"/><counter type="LINE" missed="2" covered="0"/><counter type="COMPLEXITY" missed="1" covered="0"/><counter type="METHOD" missed="1" covered="0"/></method><counter type="INSTRUCTION" missed="5" covered="6"/><counter type="LINE" missed="2" covered="1"/><counter type="COMPLEXITY" missed="1" covered="1"/><counter type="METHOD" missed="1" covered="1"/><counter type="CLASS" missed="0" covered="1"/></class><class name="src/main/java/ListaHabitaciones" sourcefilename="ListaHabitaciones.java"><method name="&lt;init&gt;" desc="()V" line="10"><counter type="INSTRUCTION" missed="0" covered="3"/><counter type="LINE" missed="0" covered="2"/><counter type="COMPLEXITY" missed="0" covered="1"/><counter type="METHOD" missed="0" covered="1"/></method><counter type="INSTRUCTION" missed="0" covered="3"/><counter type="LINE" missed="0" covered="2"/><counter type="COMPLEXITY" missed="0" covered="1"/><counter type="METHOD" missed="0" covered="1"/><counter type="CLASS" missed="0" covered="1"/></class><class name="src/main/java/VHotel$9" sourcefilename="VHotel.java"><method name="&lt;init&gt;" desc="(Lsrc/main/java/VHotel;)V" line="1155"><counter type="INSTRUCTION" missed="0" covered="6"/><counter type="LINE" missed="0" covered="1"/><counter type="COMPLEXITY" missed="0" covered="1"/><counter type="METHOD" missed="0" covered="1"/></method><method name="actionPerformed" desc="(Ljava/awt/event/ActionEvent;)V" line="1157"><counter type="INSTRUCTION" missed="5" covered="0"/><counter type="LINE" missed="2" covered="0"/><counter type="COMPLEXITY" missed="1" covered="0"/><counter type="METHOD" missed="1" covered="0"/></method><counter type="INSTRUCTION" missed="5" covered="6"/><counter type="LINE" missed="2" covered="1"/><counter type="COMPLEXITY" missed="1" covered="1"/><counter type="METHOD" missed="1" covered="1"/><counter type="CLASS" missed="0" covered="1"/></class><class name="src/main/java/Acerca" sourcefilename="Acerca.java"><method name="&lt;init&gt;" desc="(Ljava/awt/Frame;Z)V" line="6"><counter type="INSTRUCTION" missed="0" covered="7"/><counter type="LINE" missed="0" covered="3"/><counter type="COMPLEXITY" missed="0" covered="1"/><counter type="METHOD" missed="0" covered="1"/></method><method name="initComponents" desc="()V" line="11"><counter type="INSTRUCTION" missed="0" covered="294"/><counter type="LINE" missed="0" covered="50"/><counter type="COMPLEXITY" missed="0" covered="1"/><counter type="METHOD" missed="0" covered="1"/></method><method name="jbtnAceptarActionPerformed" desc="(Ljava/awt/event/ActionEvent;)V" line="83"><counter type="INSTRUCTION" missed="0" covered="6"/><counter type="LINE" missed="0" covered="3"/><counter type="COMPLEXITY" missed="0" covered="1"/><counter type="METHOD" missed="0" covered="1"/></method><method name="closeDialog" desc="(Ljava/awt/event/WindowEvent;)V" line="88"><counter type="INSTRUCTION" missed="6" covered="0"/><counter type="LINE" missed="3" covered="0"/><counter type="COMPLEXITY" missed="1" covered="0"/><counter type="METHOD" missed="1" covered="0"/></method><counter type="INSTRUCTION" missed="6" covered="307"/><counter type="LINE" missed="3" covered="56"/><counter type="COMPLEXITY" missed="1" covered="3"/><counter type="METHOD" missed="1" covered="3"/><counter type="CLASS" missed="0" covered="1"/></class><class name="src/main/java/VHotel$4" sourcefilename="VHotel.java"><method name="&lt;init&gt;" desc="(Lsrc/main/java/VHotel;)V" line="977"><counter type="INSTRUCTION" missed="0" covered="6"/><counter type="LINE" missed="0" covered="1"/><counter type="COMPLEXITY" missed="0" covered="1"/><counter type="METHOD" missed="0" covered="1"/></method><method name="mouseReleased" desc="(Ljava/awt/event/MouseEvent;)V" line="979"><counter type="INSTRUCTION" missed="5" covered="0"/><counter type="LINE" missed="2" covered="0"/><counter type="COMPLEXITY" missed="1" covered="0"/><counter type="METHOD" missed="1" covered="0"/></method><counter type="INSTRUCTION" missed="5" covered="6"/><counter type="LINE" missed="2" covered="1"/><counter type="COMPLEXITY" missed="1" covered="1"/><counter type="METHOD" missed="1" covered="1"/><counter type="CLASS" missed="0" covered="1"/></class><class name="src/main/java/VHotel$5" sourcefilename="VHotel.java"><method name="&lt;init&gt;" desc="(Lsrc/main/java/VHotel;)V" line="1095"><counter type="INSTRUCTION" missed="0" covered="6"/><counter type="LINE" missed="0" covered="1"/><counter type="COMPLEXITY" missed="0" covered="1"/><counter type="METHOD" missed="0" covered="1"/></method><method name="actionPerformed" desc="(Ljava/awt/event/ActionEvent;)V" line="1097"><counter type="INSTRUCTION" missed="5" covered="0"/><counter type="LINE" missed="2" covered="0"/><counter type="COMPLEXITY" missed="1" covered="0"/><counter type="METHOD" missed="1" covered="0"/></method><counter type="INSTRUCTION" missed="5" covered="6"/><counter type="LINE" missed="2" covered="1"/><counter type="COMPLEXITY" missed="1" covered="1"/><counter type="METHOD" missed="1" covered="1"/><counter type="CLASS" missed="0" covered="1"/></class><class name="src/main/java/ListaCategorias" sourcefilename="ListaCategorias.java"><method name="&lt;init&gt;" desc="()V" line="11"><counter type="INSTRUCTION" missed="0" covered="3"/><counter type="LINE" missed="0" covered="2"/><counter type="COMPLEXITY" missed="0" covered="1"/><counter type="METHOD" missed="0" covered="1"/></method><method name="nextElement" desc="()Ljava/lang/Object;" line="16"><counter type="INSTRUCTION" missed="2" covered="0"/><counter type="LINE" missed="1" covered="0"/><counter type="COMPLEXITY" missed="1" covered="0"/><counter type="METHOD" missed="1" covered="0"/></method><method name="hasMoreElements" desc="()Z" line="21"><counter type="INSTRUCTION" missed="0" covered="2"/><counter type="LINE" missed="0" covered="1"/><counter type="COMPLEXITY" missed="0" covered="1"/><counter type="METHOD" missed="0" covered="1"/></method><counter type="INSTRUCTION" missed="2" covered="5"/><counter type="LINE" missed="1" covered="3"/><counter type="COMPLEXITY" missed="1" covered="2"/><counter type="METHOD" missed="1" covered="2"/><counter type="CLASS" missed="0" covered="1"/></class><class name="src/main/java/VHotel$6" sourcefilename="VHotel.java"><method name="&lt;init&gt;" desc="(Lsrc/main/java/VHotel;)V" line="1107"><counter type="INSTRUCTION" missed="0" covered="6"/><counter type="LINE" missed="0" covered="1"/><counter type="COMPLEXITY" missed="0" covered="1"/><counter type="METHOD" missed="0" covered="1"/></method><method name="actionPerformed" desc="(Ljava/awt/event/ActionEvent;)V" line="1109"><counter type="INSTRUCTION" missed="5" covered="0"/><counter type="LINE" missed="2" covered="0"/><counter type="COMPLEXITY" missed="1" covered="0"/><counter type="METHOD" missed="1" covered="0"/></method><counter type="INSTRUCTION" missed="5" covered="6"/><counter type="LINE" missed="2" covered="1"/><counter type="COMPLEXITY" missed="1" covered="1"/><counter type="METHOD" missed="1" covered="1"/><counter type="CLASS" missed="0" covered="1"/></class><class name="src/main/java/VHotel$7" sourcefilename="VHotel.java"><method name="&lt;init&gt;" desc="(Lsrc/main/java/VHotel;)V" line="1131"><counter type="INSTRUCTION" missed="0" covered="6"/><counter type="LINE" missed="0" covered="1"/><counter type="COMPLEXITY" missed="0" covered="1"/><counter type="METHOD" missed="0" covered="1"/></method><method name="actionPerformed" desc="(Ljava/awt/event/ActionEvent;)V" line="1133"><counter type="INSTRUCTION" missed="5" covered="0"/><counter type="LINE" missed="2" covered="0"/><counter type="COMPLEXITY" missed="1" covered="0"/><counter type="METHOD" missed="1" covered="0"/></method><counter type="INSTRUCTION" missed="5" covered="6"/><counter type="LINE" missed="2" covered="1"/><counter type="COMPLEXITY" missed="1" covered="1"/><counter type="METHOD" missed="1" covered="1"/><counter type="CLASS" missed="0" covered="1"/></class><class name="src/main/java/VHotel$1" sourcefilename="VHotel.java"><method name="&lt;init&gt;" desc="(Lsrc/main/java/VHotel;)V" line="219"><counter type="INSTRUCTION" missed="0" covered="6"/><counter type="LINE" missed="0" covered="1"/><counter type="COMPLEXITY" missed="0" covered="1"/><counter type="METHOD" missed="0" covered="1"/></method><method name="windowClosing" desc="(Ljava/awt/event/WindowEvent;)V" line="221"><counter type="INSTRUCTION" missed="5" covered="0"/><counter type="LINE" missed="2" covered="0"/><counter type="COMPLEXITY" missed="1" covered="0"/><counter type="METHOD" missed="1" covered="0"/></method><counter type="INSTRUCTION" missed="5" covered="6"/><counter type="LINE" missed="2" covered="1"/><counter type="COMPLEXITY" missed="1" covered="1"/><counter type="METHOD" missed="1" covered="1"/><counter type="CLASS" missed="0" covered="1"/></class><class name="src/main/java/VHotel$2" sourcefilename="VHotel.java"><method name="&lt;init&gt;" desc="(Lsrc/main/java/VHotel;)V" line="235"><counter type="INSTRUCTION" missed="0" covered="6"/><counter type="LINE" missed="0" covered="1"/><counter type="COMPLEXITY" missed="0" covered="1"/><counter type="METHOD" missed="0" covered="1"/></method><method name="actionPerformed" desc="(Ljava/awt/event/ActionEvent;)V" line="237"><counter type="INSTRUCTION" missed="0" covered="5"/><counter type="LINE" missed="0" covered="2"/><counter type="COMPLEXITY" missed="0" covered="1"/><counter type="METHOD" missed="0" covered="1"/></method><counter type="INSTRUCTION" missed="0" covered="11"/><counter type="LINE" missed="0" covered="3"/><counter type="COMPLEXITY" missed="0" covered="2"/><counter type="METHOD" missed="0" covered="2"/><counter type="CLASS" missed="0" covered="1"/></class><class name="src/main/java/VHotel$3" sourcefilename="VHotel.java"><method name="&lt;init&gt;" desc="(Lsrc/main/java/VHotel;)V" line="246"><counter type="INSTRUCTION" missed="0" covered="6"/><counter type="LINE" missed="0" covered="1"/><counter type="COMPLEXITY" missed="0" covered="1"/><counter type="METHOD" missed="0" covered="1"/></method><method name="actionPerformed" desc="(Ljava/awt/event/ActionEvent;)V" line="248"><counter type="INSTRUCTION" missed="0" covered="5"/><counter type="LINE" missed="0" covered="2"/><counter type="COMPLEXITY" missed="0" covered="1"/><counter type="METHOD" missed="0" covered="1"/></method><counter type="INSTRUCTION" missed="0" covered="11"/><counter type="LINE" missed="0" covered="3"/><counter type="COMPLEXITY" missed="0" covered="2"/><counter type="METHOD" missed="0" covered="2"/><counter type="CLASS" missed="0" covered="1"/></class><class name="src/main/java/VHotel" sourcefilename="VHotel.java"><method name="&lt;init&gt;" desc="()V" line="16"><counter type="INSTRUCTION" missed="0" covered="50"/><counter type="LINE" missed="0" covered="17"/><counter type="COMPLEXITY" missed="0" covered="1"/><counter type="METHOD" missed="0" covered="1"/></method><method name="initComponents" desc="()V" line="47"><counter type="INSTRUCTION" missed="0" covered="6347"/><counter type="LINE" missed="0" covered="1016"/><counter type="COMPLEXITY" missed="0" covered="1"/><counter type="METHOD" missed="0" covered="1"/></method><method name="jbSalvarActionPerformed" desc="(Ljava/awt/event/ActionEvent;)V" line="1341"><counter type="INSTRUCTION" missed="0" covered="3"/><counter type="LINE" missed="0" covered="2"/><counter type="COMPLEXITY" missed="0" covered="1"/><counter type="METHOD" missed="0" covered="1"/></method><method name="jbCargarActionPerformed" desc="(Ljava/awt/event/ActionEvent;)V" line="1345"><counter type="INSTRUCTION" missed="0" covered="11"/><counter type="LINE" missed="0" covered="6"/><counter type="COMPLEXITY" missed="0" covered="1"/><counter type="METHOD" missed="0" covered="1"/></method><method name="jlstListaHabitacionesMouseReleased" desc="(Ljava/awt/event/MouseEvent;)V" line="1353"><counter type="INSTRUCTION" missed="113" covered="4"/><counter type="BRANCH" missed="7" covered="1"/><counter type="LINE" missed="22" covered="2"/><counter type="COMPLEXITY" missed="4" covered="1"/><counter type="METHOD" missed="0" covered="1"/></method><method name="jbEliminarClienteActionPerformed" desc="(Ljava/awt/event/ActionEvent;)V" line="1385"><counter type="INSTRUCTION" missed="51" covered="4"/><counter type="BRANCH" missed="1" covered="1"/><counter type="LINE" missed="14" covered="2"/><counter type="COMPLEXITY" missed="1" covered="1"/><counter type="METHOD" missed="0" covered="1"/></method><method name="jbModificarClienteActionPerformed" desc="(Ljava/awt/event/ActionEvent;)V" line="1404"><counter type="INSTRUCTION" missed="0" covered="74"/><counter type="BRANCH" missed="1" covered="1"/><counter type="LINE" missed="0" covered="20"/><counter type="COMPLEXITY" missed="1" covered="1"/><counter type="METHOD" missed="0" covered="1"/></method><method name="jlstListaClientesMouseReleased" desc="(Ljava/awt/event/MouseEvent;)V" line="1429"><counter type="INSTRUCTION" missed="99" covered="4"/><counter type="BRANCH" missed="5" covered="1"/><counter type="LINE" missed="14" covered="2"/><counter type="COMPLEXITY" missed="3" covered="1"/><counter type="METHOD" missed="0" covered="1"/></method><method name="jbNuevaCategoriaActionPerformed" desc="(Ljava/awt/event/ActionEvent;)V" line="1450"><counter type="INSTRUCTION" missed="0" covered="55"/><counter type="LINE" missed="0" covered="15"/><counter type="COMPLEXITY" missed="0" covered="1"/><counter type="METHOD" missed="0" covered="1"/></method><method name="jbEliminarCategoriaActionPerformed" desc="(Ljava/awt/event/ActionEvent;)V" line="1468"><counter type="INSTRUCTION" missed="31" covered="0"/><counter type="BRANCH" missed="2" covered="0"/><counter type="LINE" missed="9" covered="0"/><counter type="COMPLEXITY" missed="2" covered="0"/><counter type="METHOD" missed="1" covered="0"/></method><method name="jlstListaCategoriasMouseReleased" desc="(Ljava/awt/event/MouseEvent;)V" line="1480"><counter type="INSTRUCTION" missed="45" covered="0"/><counter type="BRANCH" missed="4" covered="0"/><counter type="LINE" missed="9" covered="0"/><counter type="COMPLEXITY" missed="3" covered="0"/><counter type="METHOD" missed="1" covered="0"/></method><method name="jbCancelarCategoriaActionPerformed" desc="(Ljava/awt/event/ActionEvent;)V" line="1494"><counter type="INSTRUCTION" missed="3" covered="47"/><counter type="BRANCH" missed="2" covered="2"/><counter type="LINE" missed="1" covered="13"/><counter type="COMPLEXITY" missed="2" covered="1"/><counter type="METHOD" missed="0" covered="1"/></method><method name="jbAceptarCategoriaActionPerformed" desc="(Ljava/awt/event/ActionEvent;)V" line="1517"><counter type="INSTRUCTION" missed="42" covered="65"/><counter type="BRANCH" missed="7" covered="1"/><counter type="LINE" missed="10" covered="18"/><counter type="COMPLEXITY" missed="4" covered="1"/><counter type="METHOD" missed="0" covered="1"/></method><method name="jbModificarCategoriaActionPerformed" desc="(Ljava/awt/event/ActionEvent;)V" line="1555"><counter type="INSTRUCTION" missed="0" covered="46"/><counter type="BRANCH" missed="1" covered="1"/><counter type="LINE" missed="0" covered="13"/><counter type="COMPLEXITY" missed="1" covered="1"/><counter type="METHOD" missed="0" covered="1"/></method><method name="jbCancelarClienteActionPerformed" desc="(Ljava/awt/event/ActionEvent;)V" line="1574"><counter type="INSTRUCTION" missed="11" covered="67"/><counter type="BRANCH" missed="2" covered="2"/><counter type="LINE" missed="3" covered="18"/><counter type="COMPLEXITY" missed="2" covered="1"/><counter type="METHOD" missed="0" covered="1"/></method><method name="jbAceptarClienteActionPerformed" desc="(Ljava/awt/event/ActionEvent;)V" line="1604"><counter type="INSTRUCTION" missed="140" covered="107"/><counter type="BRANCH" missed="19" covered="1"/><counter type="LINE" missed="29" covered="29"/><counter type="COMPLEXITY" missed="10" covered="1"/><counter type="METHOD" missed="0" covered="1"/></method><method name="jbNuevoClienteActionPerformed" desc="(Ljava/awt/event/ActionEvent;)V" line="1677"><counter type="INSTRUCTION" missed="0" covered="107"/><counter type="LINE" missed="0" covered="28"/><counter type="COMPLEXITY" missed="0" covered="1"/><counter type="METHOD" missed="0" covered="1"/></method><method name="jmiAcercaActionPerformed" desc="(Ljava/awt/event/ActionEvent;)V" line="1708"><counter type="INSTRUCTION" missed="3" covered="0"/><counter type="LINE" missed="2" covered="0"/><counter type="COMPLEXITY" missed="1" covered="0"/><counter type="METHOD" missed="1" covered="0"/></method><method name="jmiSalirActionPerformed" desc="(Ljava/awt/event/ActionEvent;)V" line="1712"><counter type="INSTRUCTION" missed="3" covered="0"/><counter type="LINE" missed="2" covered="0"/><counter type="COMPLEXITY" missed="1" covered="0"/><counter type="METHOD" missed="1" covered="0"/></method><method name="exitForm" desc="(Ljava/awt/event/WindowEvent;)V" line="1716"><counter type="INSTRUCTION" missed="3" covered="0"/><counter type="LINE" missed="2" covered="0"/><counter type="COMPLEXITY" missed="1" covered="0"/><counter type="METHOD" missed="1" covered="0"/></method><method name="main" desc="([Ljava/lang/String;)V" line="1721"><counter type="INSTRUCTION" missed="7" covered="0"/><counter type="LINE" missed="3" covered="0"/><counter type="COMPLEXITY" missed="1" covered="0"/><counter type="METHOD" missed="1" covered="0"/></method><method name="crearArrayEtiquetas" desc="()V" line="1728"><counter type="INSTRUCTION" missed="0" covered="401"/><counter type="LINE" missed="0" covered="81"/><counter type="COMPLEXITY" missed="0" covered="1"/><counter type="METHOD" missed="0" covered="1"/></method><method name="actualizarHabitaciones" desc="()V" line="1817"><counter type="INSTRUCTION" missed="0" covered="5"/><counter type="LINE" missed="0" covered="3"/><counter type="COMPLEXITY" missed="0" covered="1"/><counter type="METHOD" missed="0" covered="1"/></method><method name="vaciarHabitaciones" desc="()V" line="1825"><counter type="INSTRUCTION" missed="0" covered="18"/><counter type="BRANCH" missed="0" covered="2"/><counter type="LINE" missed="0" covered="3"/><counter type="COMPLEXITY" missed="0" covered="2"/><counter type="METHOD" missed="0" covered="1"/></method><method name="llenarHabitaciones" desc="()V" line="1833"><counter type="INSTRUCTION" missed="36" covered="8"/><counter type="BRANCH" missed="3" covered="1"/><counter type="LINE" missed="4" covered="2"/><counter type="COMPLEXITY" missed="2" covered="1"/><counter type="METHOD" missed="0" covered="1"/></method><method name="habitacionOcupada" desc="(I)Z" line="1845"><counter type="INSTRUCTION" missed="21" covered="0"/><counter type="BRANCH" missed="4" covered="0"/><counter type="LINE" missed="4" covered="0"/><counter type="COMPLEXITY" missed="3" covered="0"/><counter type="METHOD" missed="1" covered="0"/></method><method name="tomarCliente" desc="(I)Lsrc/main/java/Cliente;" line="1856"><counter type="INSTRUCTION" missed="25" covered="0"/><counter type="BRANCH" missed="4" covered="0"/><counter type="LINE" missed="4" covered="0"/><counter type="COMPLEXITY" missed="3" covered="0"/><counter type="METHOD" missed="1" covered="0"/></method><method name="asignarModelos" desc="()V" line="1865"><counter type="INSTRUCTION" missed="0" covered="13"/><counter type="LINE" missed="0" covered="4"/><counter type="COMPLEXITY" missed="0" covered="1"/><counter type="METHOD" missed="0" covered="1"/></method><method name="crearListaCategoriasPorDefecto" desc="()V" line="1873"><counter type="INSTRUCTION" missed="0" covered="5"/><counter type="LINE" missed="0" covered="3"/><counter type="COMPLEXITY" missed="0" covered="1"/><counter type="METHOD" missed="0" covered="1"/></method><method name="actualizarListaCategorias" desc="()V" line="1883"><counter type="INSTRUCTION" missed="0" covered="20"/><counter type="BRANCH" missed="0" covered="2"/><counter type="LINE" missed="0" covered="4"/><counter type="COMPLEXITY" missed="0" covered="2"/><counter type="METHOD" missed="0" covered="1"/></method><method name="actualizarListaClientes" desc="()V" line="1895"><counter type="INSTRUCTION" missed="10" covered="10"/><counter type="BRANCH" missed="1" covered="1"/><counter type="LINE" missed="1" covered="3"/><counter type="COMPLEXITY" missed="1" covered="1"/><counter type="METHOD" missed="0" covered="1"/></method><method name="actualizarListaHabitaciones" desc="()V" line="1905"><counter type="INSTRUCTION" missed="6" covered="50"/><counter type="BRANCH" missed="1" covered="3"/><counter type="LINE" missed="1" covered="12"/><counter type="COMPLEXITY" missed="1" covered="2"/><counter type="METHOD" missed="0" covered="1"/></method><method name="&lt;clinit&gt;" desc="()V" line="6"><counter type="INSTRUCTION" missed="0" covered="4"/><counter type="LINE" missed="0" covered="1"/><counter type="COMPLEXITY" missed="0" covered="1"/><counter type="METHOD" missed="0" covered="1"/></method><counter type="INSTRUCTION" missed="649" covered="7525"/><counter type="BRANCH" missed="64" covered="20"/><counter type="LINE" missed="134" covered="1317"/><counter type="COMPLEXITY" missed="47" covered="28"/><counter type="METHOD" missed="8" covered="25"/><counter type="CLASS" missed="0" covered="1"/></class><class name="src/main/java/Acerca$1" sourcefilename="Acerca.java"><method name="&lt;init&gt;" desc="(Lsrc/main/java/Acerca;)V" line="25"><counter type="INSTRUCTION" missed="0" covered="6"/><counter type="LINE" missed="0" covered="1"/><counter type="COMPLEXITY" missed="0" covered="1"/><counter type="METHOD" missed="0" covered="1"/></method><method name="windowClosing" desc="(Ljava/awt/event/WindowEvent;)V" line="27"><counter type="INSTRUCTION" missed="5" covered="0"/><counter type="LINE" missed="2" covered="0"/><counter type="COMPLEXITY" missed="1" covered="0"/><counter type="METHOD" missed="1" covered="0"/></method><counter type="INSTRUCTION" missed="5" covered="6"/><counter type="LINE" missed="2" covered="1"/><counter type="COMPLEXITY" missed="1" covered="1"/><counter type="METHOD" missed="1" covered="1"/><counter type="CLASS" missed="0" covered="1"/></class><class name="src/main/java/Acerca$2" sourcefilename="Acerca.java"><method name="&lt;init&gt;" desc="(Lsrc/main/java/Acerca;)V" line="64"><counter type="INSTRUCTION" missed="0" covered="6"/><counter type="LINE" missed="0" covered="1"/><counter type="COMPLEXITY" missed="0" covered="1"/><counter type="METHOD" missed="0" covered="1"/></method><method name="actionPerformed" desc="(Ljava/awt/event/ActionEvent;)V" line="66"><counter type="INSTRUCTION" missed="0" covered="5"/><counter type="LINE" missed="0" covered="2"/><counter type="COMPLEXITY" missed="0" covered="1"/><counter type="METHOD" missed="0" covered="1"/></method><counter type="INSTRUCTION" missed="0" covered="11"/><counter type="LINE" missed="0" covered="3"/><counter type="COMPLEXITY" missed="0" covered="2"/><counter type="METHOD" missed="0" covered="2"/><counter type="CLASS" missed="0" covered="1"/></class><class name="src/main/java/Cliente" sourcefilename="Cliente.java"><method name="&lt;init&gt;" desc="(Ljava/lang/String;Ljava/lang/String;Ljava/lang/String;Ljava/lang/String;Ljava/lang/String;Ljava/util/Date;Ljava/util/Date;I)V" line="19"><counter type="INSTRUCTION" missed="0" covered="27"/><counter type="LINE" missed="0" covered="10"/><counter type="COMPLEXITY" missed="0" covered="1"/><counter type="METHOD" missed="0" covered="1"/></method><method name="getDniCliente" desc="()Ljava/lang/String;" line="31"><counter type="INSTRUCTION" missed="0" covered="3"/><counter type="LINE" missed="0" covered="1"/><counter type="COMPLEXITY" missed="0" covered="1"/><counter type="METHOD" missed="0" covered="1"/></method><method name="setDniCliente" desc="(Ljava/lang/String;)V" line="35"><counter type="INSTRUCTION" missed="0" covered="4"/><counter type="LINE" missed="0" covered="2"/><counter type="COMPLEXITY" missed="0" covered="1"/><counter type="METHOD" missed="0" covered="1"/></method><method name="getNombreCliente" desc="()Ljava/lang/String;" line="39"><counter type="INSTRUCTION" missed="0" covered="3"/><counter type="LINE" missed="0" covered="1"/><counter type="COMPLEXITY" missed="0" covered="1"/><counter type="METHOD" missed="0" covered="1"/></method><method name="setNombreCliente" desc="(Ljava/lang/String;)V" line="43"><counter type="INSTRUCTION" missed="0" covered="4"/><counter type="LINE" missed="0" covered="2"/><counter type="COMPLEXITY" missed="0" covered="1"/><counter type="METHOD" missed="0" covered="1"/></method><method name="getApellido1Cliente" desc="()Ljava/lang/String;" line="47"><counter type="INSTRUCTION" missed="0" covered="3"/><counter type="LINE" missed="0" covered="1"/><counter type="COMPLEXITY" missed="0" covered="1"/><counter type="METHOD" missed="0" covered="1"/></method><method name="setApellido1Cliente" desc="(Ljava/lang/String;)V" line="51"><counter type="INSTRUCTION" missed="0" covered="4"/><counter type="LINE" missed="0" covered="2"/><counter type="COMPLEXITY" missed="0" covered="1"/><counter type="METHOD" missed="0" covered="1"/></method><method name="getApellido2Cliente" desc="()Ljava/lang/String;" line="55"><counter type="INSTRUCTION" missed="0" covered="3"/><counter type="LINE" missed="0" covered="1"/><counter type="COMPLEXITY" missed="0" covered="1"/><counter type="METHOD" missed="0" covered="1"/></method><method name="setApellido2Cliente" desc="(Ljava/lang/String;)V" line="59"><counter type="INSTRUCTION" missed="0" covered="4"/><counter type="LINE" missed="0" covered="2"/><counter type="COMPLEXITY" missed="0" covered="1"/><counter type="METHOD" missed="0" covered="1"/></method><method name="getDireccionCliente" desc="()Ljava/lang/String;" line="63"><counter type="INSTRUCTION" missed="0" covered="3"/><counter type="LINE" missed="0" covered="1"/><counter type="COMPLEXITY" missed="0" covered="1"/><counter type="METHOD" missed="0" covered="1"/></method><method name="setDireccionCliente" desc="(Ljava/lang/String;)V" line="67"><counter type="INSTRUCTION" missed="0" covered="4"/><counter type="LINE" missed="0" covered="2"/><counter type="COMPLEXITY" missed="0" covered="1"/><counter type="METHOD" missed="0" covered="1"/></method><method name="getFechaEntrada" desc="()Ljava/util/Date;" line="71"><counter type="INSTRUCTION" missed="0" covered="3"/><counter type="LINE" missed="0" covered="1"/><counter type="COMPLEXITY" missed="0" covered="1"/><counter type="METHOD" missed="0" covered="1"/></method><method name="setFechaEntrada" desc="(Ljava/util/Date;)V" line="75"><counter type="INSTRUCTION" missed="0" covered="4"/><counter type="LINE" missed="0" covered="2"/><counter type="COMPLEXITY" missed="0" covered="1"/><counter type="METHOD" missed="0" covered="1"/></method><method name="getFechaSalida" desc="()Ljava/util/Date;" line="79"><counter type="INSTRUCTION" missed="0" covered="3"/><counter type="LINE" missed="0" covered="1"/><counter type="COMPLEXITY" missed="0" covered="1"/><counter type="METHOD" missed="0" covered="1"/></method><method name="setFechaSalida" desc="(Ljava/util/Date;)V" line="83"><counter type="INSTRUCTION" missed="0" covered="4"/><counter type="LINE" missed="0" covered="2"/><counter type="COMPLEXITY" missed="0" covered="1"/><counter type="METHOD" missed="0" covered="1"/></method><method name="getNumeroHabitacion" desc="()I" line="87"><counter type="INSTRUCTION" missed="0" covered="3"/><counter type="LINE" missed="0" covered="1"/><counter type="COMPLEXITY" missed="0" covered="1"/><counter type="METHOD" missed="0" covered="1"/></method><method name="setNumeroHabitacion" desc="(I)V" line="91"><counter type="INSTRUCTION" missed="0" covered="4"/><counter type="LINE" missed="0" covered="2"/><counter type="COMPLEXITY" missed="0" covered="1"/><counter type="METHOD" missed="0" covered="1"/></method><counter type="INSTRUCTION" missed="0" covered="83"/><counter type="LINE" missed="0" covered="34"/><counter type="COMPLEXITY" missed="0" covered="17"/><counter type="METHOD" missed="0" covered="17"/><counter type="CLASS" missed="0" covered="1"/></class><class name="src/main/java/Hotel" sourcefilename="Hotel.java"><method name="&lt;init&gt;" desc="()V" line="23"><counter type="INSTRUCTION" missed="0" covered="21"/><counter type="LINE" missed="0" covered="6"/><counter type="COMPLEXITY" missed="0" covered="1"/><counter type="METHOD" missed="0" covered="1"/></method><method name="crearCategoriasPorDefecto" desc="()V" line="33"><counter type="INSTRUCTION" missed="0" covered="34"/><counter type="LINE" missed="0" covered="7"/><counter type="COMPLEXITY" missed="0" covered="1"/><counter type="METHOD" missed="0" covered="1"/></method><method name="modificarCategoria" desc="(ILjava/lang/String;ILjava/lang/String;)V" line="46"><counter type="INSTRUCTION" missed="0" covered="22"/><counter type="LINE" missed="0" covered="4"/><counter type="COMPLEXITY" missed="0" covered="1"/><counter type="METHOD" missed="0" covered="1"/></method><method name="nuevaCategoria" desc="(Ljava/lang/String;ILjava/lang/String;)V" line="54"><counter type="INSTRUCTION" missed="0" covered="11"/><counter type="LINE" missed="0" covered="2"/><counter type="COMPLEXITY" missed="0" covered="1"/><counter type="METHOD" missed="0" covered="1"/></method><method name="eliminarCategoria" desc="(I)V" line="59"><counter type="INSTRUCTION" missed="0" covered="6"/><counter type="LINE" missed="0" covered="2"/><counter type="COMPLEXITY" missed="0" covered="1"/><counter type="METHOD" missed="0" covered="1"/></method><method name="tomarCategoria" desc="(I)Lsrc/main/java/Categoria;" line="64"><counter type="INSTRUCTION" missed="0" covered="6"/><counter type="LINE" missed="0" covered="1"/><counter type="COMPLEXITY" missed="0" covered="1"/><counter type="METHOD" missed="0" covered="1"/></method><method name="nuevoCliente" desc="(Ljava/lang/String;Ljava/lang/String;Ljava/lang/String;Ljava/lang/String;Ljava/lang/String;ILjava/util/Date;Ljava/util/Date;)V" line="73"><counter type="INSTRUCTION" missed="16" covered="0"/><counter type="LINE" missed="2" covered="0"/><counter type="COMPLEXITY" missed="1" covered="0"/><counter type="METHOD" missed="1" covered="0"/></method><method name="modificarCliente" desc="(ILjava/lang/String;Ljava/lang/String;Ljava/lang/String;Ljava/lang/String;Ljava/lang/String;ILjava/util/Date;Ljava/util/Date;)V" line="85"><counter type="INSTRUCTION" missed="57" covered="0"/><counter type="LINE" missed="9" covered="0"/><counter type="COMPLEXITY" missed="1" covered="0"/><counter type="METHOD" missed="1" covered="0"/></method><method name="tomarCliente" desc="(I)Lsrc/main/java/Cliente;" line="97"><counter type="INSTRUCTION" missed="6" covered="0"/><counter type="LINE" missed="1" covered="0"/><counter type="COMPLEXITY" missed="1" covered="0"/><counter type="METHOD" missed="1" covered="0"/></method><method name="eliminarCliente" desc="(I)V" line="102"><counter type="INSTRUCTION" missed="6" covered="0"/><counter type="LINE" missed="2" covered="0"/><counter type="COMPLEXITY" missed="1" covered="0"/><counter type="METHOD" missed="1" covered="0"/></method><method name="salvarClientesCategorias" desc="()V" line="108"><counter type="INSTRUCTION" missed="12" covered="30"/><counter type="LINE" missed="6" covered="9"/><counter type="COMPLEXITY" missed="0" covered="1"/><counter type="METHOD" missed="0" covered="1"/></method><method name="cargarClientesCategorias" desc="()V" line="129"><counter type="INSTRUCTION" missed="12" covered="32"/><counter type="LINE" missed="6" covered="9"/><counter type="COMPLEXITY" missed="0" covered="1"/><counter type="METHOD" missed="0" covered="1"/></method><counter type="INSTRUCTION" missed="109" covered="162"/><counter type="LINE" missed="26" covered="40"/><counter type="COMPLEXITY" missed="4" covered="8"/><counter type="METHOD" missed="4" covered="8"/><counter type="CLASS" missed="0" covered="1"/></class><class name="src/main/java/ListaClientes" sourcefilename="ListaClientes.java"><method name="&lt;init&gt;" desc="()V" line="11"><counter type="INSTRUCTION" missed="0" covered="3"/><counter type="LINE" missed="0" covered="2"/><counter type="COMPLEXITY" missed="0" covered="1"/><counter type="METHOD" missed="0" covered="1"/></method><counter type="INSTRUCTION" missed="0" covered="3"/><counter type="LINE" missed="0" covered="2"/><counter type="COMPLEXITY" missed="0" covered="1"/><counter type="METHOD" missed="0" covered="1"/><counter type="CLASS" missed="0" covered="1"/></class><class name="src/main/java/VHotel$18" sourcefilename="VHotel.java"><method name="&lt;init&gt;" desc="(Lsrc/main/java/VHotel;)V" line="1324"><counter type="INSTRUCTION" missed="0" covered="6"/><counter type="LINE" missed="0" covered="1"/><counter type="COMPLEXITY" missed="0" covered="1"/><counter type="METHOD" missed="0" covered="1"/></method><method name="actionPerformed" desc="(Ljava/awt/event/ActionEvent;)V" line="1326"><counter type="INSTRUCTION" missed="5" covered="0"/><counter type="LINE" missed="2" covered="0"/><counter type="COMPLEXITY" missed="1" covered="0"/><counter type="METHOD" missed="1" covered="0"/></method><counter type="INSTRUCTION" missed="5" covered="6"/><counter type="LINE" missed="2" covered="1"/><counter type="COMPLEXITY" missed="1" covered="1"/><counter type="METHOD" missed="1" covered="1"/><counter type="CLASS" missed="0" covered="1"/></class><class name="src/main/java/VHotel$17" sourcefilename="VHotel.java"><method name="&lt;init&gt;" desc="(Lsrc/main/java/VHotel;)V" line="1308"><counter type="INSTRUCTION" missed="0" covered="6"/><counter type="LINE" missed="0" covered="1"/><counter type="COMPLEXITY" missed="0" covered="1"/><counter type="METHOD" missed="0" covered="1"/></method><method name="actionPerformed" desc="(Ljava/awt/event/ActionEvent;)V" line="1310"><counter type="INSTRUCTION" missed="5" covered="0"/><counter type="LINE" missed="2" covered="0"/><counter type="COMPLEXITY" missed="1" covered="0"/><counter type="METHOD" missed="1" covered="0"/></method><counter type="INSTRUCTION" missed="5" covered="6"/><counter type="LINE" missed="2" covered="1"/><counter type="COMPLEXITY" missed="1" covered="1"/><counter type="METHOD" missed="1" covered="1"/><counter type="CLASS" missed="0" covered="1"/></class><class name="src/main/java/VHotel$16" sourcefilename="VHotel.java"><method name="&lt;init&gt;" desc="(Lsrc/main/java/VHotel;)V" line="1285"><counter type="INSTRUCTION" missed="0" covered="6"/><counter type="LINE" missed="0" covered="1"/><counter type="COMPLEXITY" missed="0" covered="1"/><counter type="METHOD" missed="0" covered="1"/></method><method name="mouseReleased" desc="(Ljava/awt/event/MouseEvent;)V" line="1287"><counter type="INSTRUCTION" missed="5" covered="0"/><counter type="LINE" missed="2" covered="0"/><counter type="COMPLEXITY" missed="1" covered="0"/><counter type="METHOD" missed="1" covered="0"/></method><counter type="INSTRUCTION" missed="5" covered="6"/><counter type="LINE" missed="2" covered="1"/><counter type="COMPLEXITY" missed="1" covered="1"/><counter type="METHOD" missed="1" covered="1"/><counter type="CLASS" missed="0" covered="1"/></class><class name="src/main/java/VHotel$15" sourcefilename="VHotel.java"><method name="&lt;init&gt;" desc="(Lsrc/main/java/VHotel;)V" line="1274"><counter type="INSTRUCTION" missed="0" covered="6"/><counter type="LINE" missed="0" covered="1"/><counter type="COMPLEXITY" missed="0" covered="1"/><counter type="METHOD" missed="0" covered="1"/></method><method name="actionPerformed" desc="(Ljava/awt/event/ActionEvent;)V" line="1276"><counter type="INSTRUCTION" missed="5" covered="0"/><counter type="LINE" missed="2" covered="0"/><counter type="COMPLEXITY" missed="1" covered="0"/><counter type="METHOD" missed="1" covered="0"/></method><counter type="INSTRUCTION" missed="5" covered="6"/><counter type="LINE" missed="2" covered="1"/><counter type="COMPLEXITY" missed="1" covered="1"/><counter type="METHOD" missed="1" covered="1"/><counter type="CLASS" missed="0" covered="1"/></class><class name="src/main/java/VHotel$14" sourcefilename="VHotel.java"><method name="&lt;init&gt;" desc="(Lsrc/main/java/VHotel;)V" line="1262"><counter type="INSTRUCTION" missed="0" covered="6"/><counter type="LINE" missed="0" covered="1"/><counter type="COMPLEXITY" missed="0" covered="1"/><counter type="METHOD" missed="0" covered="1"/></method><method name="actionPerformed" desc="(Ljava/awt/event/ActionEvent;)V" line="1264"><counter type="INSTRUCTION" missed="5" covered="0"/><counter type="LINE" missed="2" covered="0"/><counter type="COMPLEXITY" missed="1" covered="0"/><counter type="METHOD" missed="1" covered="0"/></method><counter type="INSTRUCTION" missed="5" covered="6"/><counter type="LINE" missed="2" covered="1"/><counter type="COMPLEXITY" missed="1" covered="1"/><counter type="METHOD" missed="1" covered="1"/><counter type="CLASS" missed="0" covered="1"/></class><class name="src/main/java/VHotel$13" sourcefilename="VHotel.java"><method name="&lt;init&gt;" desc="(Lsrc/main/java/VHotel;)V" line="1251"><counter type="INSTRUCTION" missed="0" covered="6"/><counter type="LINE" missed="0" covered="1"/><counter type="COMPLEXITY" missed="0" covered="1"/><counter type="METHOD" missed="0" covered="1"/></method><method name="actionPerformed" desc="(Ljava/awt/event/ActionEvent;)V" line="1253"><counter type="INSTRUCTION" missed="5" covered="0"/><counter type="LINE" missed="2" covered="0"/><counter type="COMPLEXITY" missed="1" covered="0"/><counter type="METHOD" missed="1" covered="0"/></method><counter type="INSTRUCTION" missed="5" covered="6"/><counter type="LINE" missed="2" covered="1"/><counter type="COMPLEXITY" missed="1" covered="1"/><counter type="METHOD" missed="1" covered="1"/><counter type="CLASS" missed="0" covered="1"/></class><class name="src/main/java/VHotel$12" sourcefilename="VHotel.java"><method name="&lt;init&gt;" desc="(Lsrc/main/java/VHotel;)V" line="1220"><counter type="INSTRUCTION" missed="0" covered="6"/><counter type="LINE" missed="0" covered="1"/><counter type="COMPLEXITY" missed="0" covered="1"/><counter type="METHOD" missed="0" covered="1"/></method><method name="actionPerformed" desc="(Ljava/awt/event/ActionEvent;)V" line="1222"><counter type="INSTRUCTION" missed="5" covered="0"/><counter type="LINE" missed="2" covered="0"/><counter type="COMPLEXITY" missed="1" covered="0"/><counter type="METHOD" missed="1" covered="0"/></method><counter type="INSTRUCTION" missed="5" covered="6"/><counter type="LINE" missed="2" covered="1"/><counter type="COMPLEXITY" missed="1" covered="1"/><counter type="METHOD" missed="1" covered="1"/><counter type="CLASS" missed="0" covered="1"/></class><class name="src/main/java/VHotel$11" sourcefilename="VHotel.java"><method name="&lt;init&gt;" desc="(Lsrc/main/java/VHotel;)V" line="1208"><counter type="INSTRUCTION" missed="0" covered="6"/><counter type="LINE" missed="0" covered="1"/><counter type="COMPLEXITY" missed="0" covered="1"/><counter type="METHOD" missed="0" covered="1"/></method><method name="actionPerformed" desc="(Ljava/awt/event/ActionEvent;)V" line="1210"><counter type="INSTRUCTION" missed="5" covered="0"/><counter type="LINE" missed="2" covered="0"/><counter type="COMPLEXITY" missed="1" covered="0"/><counter type="METHOD" missed="1" covered="0"/></method><counter type="INSTRUCTION" missed="5" covered="6"/><counter type="LINE" missed="2" covered="1"/><counter type="COMPLEXITY" missed="1" covered="1"/><counter type="METHOD" missed="1" covered="1"/><counter type="CLASS" missed="0" covered="1"/></class><class name="src/main/java/VHotel$10" sourcefilename="VHotel.java"><method name="&lt;init&gt;" desc="(Lsrc/main/java/VHotel;)V" line="1166"><counter type="INSTRUCTION" missed="0" covered="6"/><counter type="LINE" missed="0" covered="1"/><counter type="COMPLEXITY" missed="0" covered="1"/><counter type="METHOD" missed="0" covered="1"/></method><method name="mouseReleased" desc="(Ljava/awt/event/MouseEvent;)V" line="1168"><counter type="INSTRUCTION" missed="5" covered="0"/><counter type="LINE" missed="2" covered="0"/><counter type="COMPLEXITY" missed="1" covered="0"/><counter type="METHOD" missed="1" covered="0"/></method><counter type="INSTRUCTION" missed="5" covered="6"/><counter type="LINE" missed="2" covered="1"/><counter type="COMPLEXITY" missed="1" covered="1"/><counter type="METHOD" missed="1" covered="1"/><counter type="CLASS" missed="0" covered="1"/></class><class name="src/main/java/Categoria" sourcefilename="Categoria.java"><method name="&lt;init&gt;" desc="(Ljava/lang/String;ILjava/lang/String;)V" line="15"><counter type="INSTRUCTION" missed="0" covered="12"/><counter type="LINE" missed="0" covered="5"/><counter type="COMPLEXITY" missed="0" covered="1"/><counter type="METHOD" missed="0" covered="1"/></method><counter type="INSTRUCTION" missed="0" covered="12"/><counter type="LINE" missed="0" covered="5"/><counter type="COMPLEXITY" missed="0" covered="1"/><counter type="METHOD" missed="0" covered="1"/><counter type="CLASS" missed="0" covered="1"/></class><class name="src/main/java/Habitacion" sourcefilename="Habitacion.java"><method name="&lt;init&gt;" desc="()V" line="15"><counter type="INSTRUCTION" missed="0" covered="12"/><counter type="LINE" missed="0" covered="5"/><counter type="COMPLEXITY" missed="0" covered="1"/><counter type="METHOD" missed="0" covered="1"/></method><counter type="INSTRUCTION" missed="0" covered="12"/><counter type="LINE" missed="0" covered="5"/><counter type="COMPLEXITY" missed="0" covered="1"/><counter type="METHOD" missed="0" covered="1"/><counter type="CLASS" missed="0" covered="1"/></class><sourcefile name="Acerca.java"><line nr="6" mi="0" ci="4" mb="0" cb="0"/><line nr="7" mi="0" ci="2" mb="0" cb="0"/><line nr="8" mi="0" ci="1" mb="0" cb="0"/><line nr="11" mi="0" ci="5" mb="0" cb="0"/><line nr="12" mi="0" ci="5" mb="0" cb="0"/><line nr="13" mi="0" ci="5" mb="0" cb="0"/><line nr="14" mi="0" ci="5" mb="0" cb="0"/><line nr="15" mi="0" ci="5" mb="0" cb="0"/><line nr="16" mi="0" ci="5" mb="0" cb="0"/><line nr="17" mi="0" ci="5" mb="0" cb="0"/><line nr="19" mi="0" ci="4" mb="0" cb="0"/><line nr="21" mi="0" ci="3" mb="0" cb="0"/><line nr="22" mi="0" ci="8" mb="0" cb="0"/><line nr="23" mi="0" ci="3" mb="0" cb="0"/><line nr="24" mi="0" ci="3" mb="0" cb="0"/><line nr="25" mi="0" ci="12" mb="0" cb="0"/><line nr="27" mi="4" ci="0" mb="0" cb="0"/><line nr="28" mi="1" ci="0" mb="0" cb="0"/><line nr="31" mi="0" ci="4" mb="0" cb="0"/><line nr="32" mi="0" ci="10" mb="0" cb="0"/><line nr="33" mi="0" ci="6" mb="0" cb="0"/><line nr="34" mi="0" ci="6" mb="0" cb="0"/><line nr="35" mi="0" ci="7" mb="0" cb="0"/><line nr="37" mi="0" ci="9" mb="0" cb="0"/><line nr="38" mi="0" ci="4" mb="0" cb="0"/><line nr="39" mi="0" ci="6" mb="0" cb="0"/><line nr="40" mi="0" ci="7" mb="0" cb="0"/><line nr="42" mi="0" ci="9" mb="0" cb="0"/><line nr="43" mi="0" ci="4" mb="0" cb="0"/><line nr="44" mi="0" ci="6" mb="0" cb="0"/><line nr="45" mi="0" ci="7" mb="0" cb="0"/><line nr="47" mi="0" ci="9" mb="0" cb="0"/><line nr="48" mi="0" ci="4" mb="0" cb="0"/><line nr="49" mi="0" ci="6" mb="0" cb="0"/><line nr="50" mi="0" ci="7" mb="0" cb="0"/><line nr="52" mi="0" ci="9" mb="0" cb="0"/><line nr="53" mi="0" ci="4" mb="0" cb="0"/><line nr="54" mi="0" ci="6" mb="0" cb="0"/><line nr="55" mi="0" ci="7" mb="0" cb="0"/><line nr="57" mi="0" ci="9" mb="0" cb="0"/><line nr="58" mi="0" ci="4" mb="0" cb="0"/><line nr="59" mi="0" ci="6" mb="0" cb="0"/><line nr="60" mi="0" ci="7" mb="0" cb="0"/><line nr="62" mi="0" ci="9" mb="0" cb="0"/><line nr="63" mi="0" ci="4" mb="0" cb="0"/><line nr="64" mi="0" ci="13" mb="0" cb="0"/><line nr="66" mi="0" ci="4" mb="0" cb="0"/><line nr="67" mi="0" ci="1" mb="0" cb="0"/><line nr="70" mi="0" ci="6" mb="0" cb="0"/><line nr="71" mi="0" ci="7" mb="0" cb="0"/><line nr="73" mi="0" ci="3" mb="0" cb="0"/><line nr="74" mi="0" ci="16" mb="0" cb="0"/><line nr="76" mi="0" ci="4" mb="0" cb="0"/><line nr="77" mi="0" ci="4" mb="0" cb="0"/><line nr="78" mi="0" ci="4" mb="0" cb="0"/><line nr="79" mi="0" ci="4" mb="0" cb="0"/><line nr="80" mi="0" ci="1" mb="0" cb="0"/><line nr="83" mi="0" ci="3" mb="0" cb="0"/><line nr="84" mi="0" ci="2" mb="0" cb="0"/><line nr="85" mi="0" ci="1" mb="0" cb="0"/><line nr="88" mi="3" ci="0" mb="0" cb="0"/><line nr="89" mi="2" ci="0" mb="0" cb="0"/><line nr="90" mi="1" ci="0" mb="0" cb="0"/><counter type="INSTRUCTION" missed="11" covered="324"/><counter type="LINE" missed="5" covered="58"/><counter type="COMPLEXITY" missed="2" covered="6"/><counter type="METHOD" missed="2" covered="6"/><counter type="CLASS" missed="0" covered="3"/></sourcefile><sourcefile name="ListaHabitaciones.java"><line nr="10" mi="0" ci="2" mb="0" cb="0"/><line nr="11" mi="0" ci="1" mb="0" cb="0"/><counter type="INSTRUCTION" missed="0" covered="3"/><counter type="LINE" missed="0" covered="2"/><counter type="COMPLEXITY" missed="0" covered="1"/><counter type="METHOD" missed="0" covered="1"/><counter type="CLASS" missed="0" covered="1"/></sourcefile><sourcefile name="ListaClientes.java"><line nr="11" mi="0" ci="2" mb="0" cb="0"/><line nr="12" mi="0" ci="1" mb="0" cb="0"/><counter type="INSTRUCTION" missed="0" covered="3"/><counter type="LINE" missed="0" covered="2"/><counter type="COMPLEXITY" missed="0" covered="1"/><counter type="METHOD" missed="0" covered="1"/><counter type="CLASS" missed="0" covered="1"/></sourcefile><sourcefile name="Categoria.java"><line nr="15" mi="0" ci="2" mb="0" cb="0"/><line nr="16" mi="0" ci="3" mb="0" cb="0"/><line nr="17" mi="0" ci="3" mb="0" cb="0"/><line nr="18" mi="0" ci="3" mb="0" cb="0"/><line nr="19" mi="0" ci="1" mb="0" cb="0"/><counter type="INSTRUCTION" missed="0" covered="12"/><counter type="LINE" missed="0" covered="5"/><counter type="COMPLEXITY" missed="0" covered="1"/><counter type="METHOD" missed="0" covered="1"/><counter type="CLASS" missed="0" covered="1"/></sourcefile><sourcefile name="VHotel.java"><line nr="6" mi="0" ci="4" mb="0" cb="0"/><line nr="16" mi="0" ci="2" mb="0" cb="0"/><line nr="17" mi="0" ci="2" mb="0" cb="0"/><line nr="19" mi="0" ci="4" mb="0" cb="0"/><line nr="21" mi="0" ci="4" mb="0" cb="0"/><line nr="23" mi="0" ci="4" mb="0" cb="0"/><line nr="25" mi="0" ci="6" mb="0" cb="0"/><line nr="27" mi="0" ci="4" mb="0" cb="0"/><line nr="29" mi="0" ci="2" mb="0" cb="0"/><line nr="31" mi="0" ci="2" mb="0" cb="0"/><line nr="33" mi="0" ci="2" mb="0" cb="0"/><line nr="35" mi="0" ci="4" mb="0" cb="0"/><line nr="36" mi="0" ci="1" mb="0" cb="0"/><line nr="38" mi="0" ci="2" mb="0" cb="0"/><line nr="40" mi="0" ci="2" mb="0" cb="0"/><line nr="42" mi="0" ci="4" mb="0" cb="0"/><line nr="43" mi="0" ci="4" mb="0" cb="0"/><line nr="44" mi="0" ci="1" mb="0" cb="0"/><line nr="47" mi="0" ci="5" mb="0" cb="0"/><line nr="48" mi="0" ci="5" mb="0" cb="0"/><line nr="49" mi="0" ci="5" mb="0" cb="0"/><line nr="50" mi="0" ci="5" mb="0" cb="0"/><line nr="51" mi="0" ci="5" mb="0" cb="0"/><line nr="52" mi="0" ci="5" mb="0" cb="0"/><line nr="53" mi="0" ci="5" mb="0" cb="0"/><line nr="54" mi="0" ci="5" mb="0" cb="0"/><line nr="55" mi="0" ci="5" mb="0" cb="0"/><line nr="56" mi="0" ci="5" mb="0" cb="0"/><line nr="57" mi="0" ci="5" mb="0" cb="0"/><line nr="58" mi="0" ci="5" mb="0" cb="0"/><line nr="59" mi="0" ci="5" mb="0" cb="0"/><line nr="60" mi="0" ci="5" mb="0" cb="0"/><line nr="61" mi="0" ci="5" mb="0" cb="0"/><line nr="62" mi="0" ci="5" mb="0" cb="0"/><line nr="63" mi="0" ci="5" mb="0" cb="0"/><line nr="64" mi="0" ci="5" mb="0" cb="0"/><line nr="65" mi="0" ci="5" mb="0" cb="0"/><line nr="66" mi="0" ci="5" mb="0" cb="0"/><line nr="67" mi="0" ci="5" mb="0" cb="0"/><line nr="68" mi="0" ci="5" mb="0" cb="0"/><line nr="69" mi="0" ci="5" mb="0" cb="0"/><line nr="70" mi="0" ci="5" mb="0" cb="0"/><line nr="71" mi="0" ci="5" mb="0" cb="0"/><line nr="72" mi="0" ci="5" mb="0" cb="0"/><line nr="73" mi="0" ci="5" mb="0" cb="0"/><line nr="74" mi="0" ci="5" mb="0" cb="0"/><line nr="75" mi="0" ci="5" mb="0" cb="0"/><line nr="76" mi="0" ci="5" mb="0" cb="0"/><line nr="77" mi="0" ci="5" mb="0" cb="0"/><line nr="78" mi="0" ci="5" mb="0" cb="0"/><line nr="79" mi="0" ci="5" mb="0" cb="0"/><line nr="80" mi="0" ci="5" mb="0" cb="0"/><line nr="81" mi="0" ci="5" mb="0" cb="0"/><line nr="82" mi="0" ci="5" mb="0" cb="0"/><line nr="83" mi="0" ci="5" mb="0" cb="0"/><line nr="84" mi="0" ci="5" mb="0" cb="0"/><line nr="85" mi="0" ci="5" mb="0" cb="0"/><line nr="86" mi="0" ci="5" mb="0" cb="0"/><line nr="87" mi="0" ci="5" mb="0" cb="0"/><line nr="88" mi="0" ci="5" mb="0" cb="0"/><line nr="89" mi="0" ci="5" mb="0" cb="0"/><line nr="90" mi="0" ci="5" mb="0" cb="0"/><line nr="91" mi="0" ci="5" mb="0" cb="0"/><line nr="92" mi="0" ci="5" mb="0" cb="0"/><line nr="93" mi="0" ci="5" mb="0" cb="0"/><line nr="94" mi="0" ci="5" mb="0" cb="0"/><line nr="95" mi="0" ci="5" mb="0" cb="0"/><line nr="96" mi="0" ci="5" mb="0" cb="0"/><line nr="97" mi="0" ci="5" mb="0" cb="0"/><line nr="98" mi="0" ci="5" mb="0" cb="0"/><line nr="99" mi="0" ci="5" mb="0" cb="0"/><line nr="100" mi="0" ci="5" mb="0" cb="0"/><line nr="101" mi="0" ci="5" mb="0" cb="0"/><line nr="102" mi="0" ci="5" mb="0" cb="0"/><line nr="103" mi="0" ci="5" mb="0" cb="0"/><line nr="104" mi="0" ci="5" mb="0" cb="0"/><line nr="105" mi="0" ci="5" mb="0" cb="0"/><line nr="106" mi="0" ci="5" mb="0" cb="0"/><line nr="107" mi="0" ci="5" mb="0" cb="0"/><line nr="108" mi="0" ci="5" mb="0" cb="0"/><line nr="109" mi="0" ci="5" mb="0" cb="0"/><line nr="110" mi="0" ci="5" mb="0" cb="0"/><line nr="111" mi="0" ci="5" mb="0" cb="0"/><line nr="112" mi="0" ci="5" mb="0" cb="0"/><line nr="113" mi="0" ci="5" mb="0" cb="0"/><line nr="114" mi="0" ci="5" mb="0" cb="0"/><line nr="115" mi="0" ci="5" mb="0" cb="0"/><line nr="116" mi="0" ci="5" mb="0" cb="0"/><line nr="117" mi="0" ci="5" mb="0" cb="0"/><line nr="118" mi="0" ci="5" mb="0" cb="0"/><line nr="119" mi="0" ci="5" mb="0" cb="0"/><line nr="120" mi="0" ci="5" mb="0" cb="0"/><line nr="121" mi="0" ci="5" mb="0" cb="0"/><line nr="122" mi="0" ci="5" mb="0" cb="0"/><line nr="123" mi="0" ci="5" mb="0" cb="0"/><line nr="124" mi="0" ci="5" mb="0" cb="0"/><line nr="125" mi="0" ci="5" mb="0" cb="0"/><line nr="126" mi="0" ci="5" mb="0" cb="0"/><line nr="127" mi="0" ci="5" mb="0" cb="0"/><line nr="128" mi="0" ci="5" mb="0" cb="0"/><line nr="129" mi="0" ci="5" mb="0" cb="0"/><line nr="130" mi="0" ci="5" mb="0" cb="0"/><line nr="131" mi="0" ci="5" mb="0" cb="0"/><line nr="132" mi="0" ci="5" mb="0" cb="0"/><line nr="133" mi="0" ci="5" mb="0" cb="0"/><line nr="134" mi="0" ci="5" mb="0" cb="0"/><line nr="135" mi="0" ci="5" mb="0" cb="0"/><line nr="136" mi="0" ci="5" mb="0" cb="0"/><line nr="137" mi="0" ci="5" mb="0" cb="0"/><line nr="138" mi="0" ci="5" mb="0" cb="0"/><line nr="139" mi="0" ci="5" mb="0" cb="0"/><line nr="140" mi="0" ci="5" mb="0" cb="0"/><line nr="141" mi="0" ci="5" mb="0" cb="0"/><line nr="142" mi="0" ci="5" mb="0" cb="0"/><line nr="143" mi="0" ci="5" mb="0" cb="0"/><line nr="144" mi="0" ci="5" mb="0" cb="0"/><line nr="145" mi="0" ci="5" mb="0" cb="0"/><line nr="146" mi="0" ci="5" mb="0" cb="0"/><line nr="147" mi="0" ci="5" mb="0" cb="0"/><line nr="148" mi="0" ci="5" mb="0" cb="0"/><line nr="149" mi="0" ci="5" mb="0" cb="0"/><line nr="150" mi="0" ci="5" mb="0" cb="0"/><line nr="151" mi="0" ci="5" mb="0" cb="0"/><line nr="152" mi="0" ci="5" mb="0" cb="0"/><line nr="153" mi="0" ci="5" mb="0" cb="0"/><line nr="154" mi="0" ci="5" mb="0" cb="0"/><line nr="155" mi="0" ci="5" mb="0" cb="0"/><line nr="156" mi="0" ci="5" mb="0" cb="0"/><line nr="157" mi="0" ci="5" mb="0" cb="0"/><line nr="158" mi="0" ci="5" mb="0" cb="0"/><line nr="159" mi="0" ci="5" mb="0" cb="0"/><line nr="160" mi="0" ci="5" mb="0" cb="0"/><line nr="161" mi="0" ci="5" mb="0" cb="0"/><line nr="162" mi="0" ci="5" mb="0" cb="0"/><line nr="163" mi="0" ci="5" mb="0" cb="0"/><line nr="164" mi="0" ci="5" mb="0" cb="0"/><line nr="165" mi="0" ci="5" mb="0" cb="0"/><line nr="166" mi="0" ci="5" mb="0" cb="0"/><line nr="167" mi="0" ci="5" mb="0" cb="0"/><line nr="168" mi="0" ci="5" mb="0" cb="0"/><line nr="169" mi="0" ci="5" mb="0" cb="0"/><line nr="170" mi="0" ci="5" mb="0" cb="0"/><line nr="171" mi="0" ci="5" mb="0" cb="0"/><line nr="172" mi="0" ci="5" mb="0" cb="0"/><line nr="173" mi="0" ci="5" mb="0" cb="0"/><line nr="174" mi="0" ci="5" mb="0" cb="0"/><line nr="175" mi="0" ci="5" mb="0" cb="0"/><line nr="176" mi="0" ci="5" mb="0" cb="0"/><line nr="177" mi="0" ci="5" mb="0" cb="0"/><line nr="178" mi="0" ci="5" mb="0" cb="0"/><line nr="179" mi="0" ci="5" mb="0" cb="0"/><line nr="180" mi="0" ci="5" mb="0" cb="0"/><line nr="181" mi="0" ci="5" mb="0" cb="0"/><line nr="182" mi="0" ci="5" mb="0" cb="0"/><line nr="183" mi="0" ci="5" mb="0" cb="0"/><line nr="184" mi="0" ci="5" mb="0" cb="0"/><line nr="185" mi="0" ci="5" mb="0" cb="0"/><line nr="186" mi="0" ci="5" mb="0" cb="0"/><line nr="187" mi="0" ci="5" mb="0" cb="0"/><line nr="188" mi="0" ci="5" mb="0" cb="0"/><line nr="189" mi="0" ci="5" mb="0" cb="0"/><line nr="190" mi="0" ci="5" mb="0" cb="0"/><line nr="191" mi="0" ci="5" mb="0" cb="0"/><line nr="192" mi="0" ci="5" mb="0" cb="0"/><line nr="193" mi="0" ci="5" mb="0" cb="0"/><line nr="194" mi="0" ci="5" mb="0" cb="0"/><line nr="195" mi="0" ci="5" mb="0" cb="0"/><line nr="196" mi="0" ci="5" mb="0" cb="0"/><line nr="197" mi="0" ci="5" mb="0" cb="0"/><line nr="198" mi="0" ci="5" mb="0" cb="0"/><line nr="199" mi="0" ci="5" mb="0" cb="0"/><line nr="200" mi="0" ci="5" mb="0" cb="0"/><line nr="201" mi="0" ci="5" mb="0" cb="0"/><line nr="202" mi="0" ci="5" mb="0" cb="0"/><line nr="203" mi="0" ci="5" mb="0" cb="0"/><line nr="204" mi="0" ci="5" mb="0" cb="0"/><line nr="205" mi="0" ci="5" mb="0" cb="0"/><line nr="206" mi="0" ci="5" mb="0" cb="0"/><line nr="207" mi="0" ci="5" mb="0" cb="0"/><line nr="208" mi="0" ci="5" mb="0" cb="0"/><line nr="209" mi="0" ci="5" mb="0" cb="0"/><line nr="210" mi="0" ci="5" mb="0" cb="0"/><line nr="211" mi="0" ci="5" mb="0" cb="0"/><line nr="212" mi="0" ci="5" mb="0" cb="0"/><line nr="214" mi="0" ci="4" mb="0" cb="0"/><line nr="216" mi="0" ci="3" mb="0" cb="0"/><line nr="217" mi="0" ci="8" mb="0" cb="0"/><line nr="218" mi="0" ci="3" mb="0" cb="0"/><line nr="219" mi="0" ci="12" mb="0" cb="0"/><line nr="221" mi="4" ci="0" mb="0" cb="0"/><line nr="222" mi="1" ci="0" mb="0" cb="0"/><line nr="225" mi="0" ci="4" mb="0" cb="0"/><line nr="226" mi="0" ci="9" mb="0" cb="0"/><line nr="227" mi="0" ci="4" mb="0" cb="0"/><line nr="229" mi="0" ci="9" mb="0" cb="0"/><line nr="230" mi="0" ci="4" mb="0" cb="0"/><line nr="232" mi="0" ci="6" mb="0" cb="0"/><line nr="233" mi="0" ci="9" mb="0" cb="0"/><line nr="234" mi="0" ci="4" mb="0" cb="0"/><line nr="235" mi="0" ci="13" mb="0" cb="0"/><line nr="237" mi="0" ci="4" mb="0" cb="0"/><line nr="238" mi="0" ci="1" mb="0" cb="0"/><line nr="241" mi="0" ci="6" mb="0" cb="0"/><line nr="242" mi="0" ci="7" mb="0" cb="0"/><line nr="244" mi="0" ci="9" mb="0" cb="0"/><line nr="245" mi="0" ci="4" mb="0" cb="0"/><line nr="246" mi="0" ci="13" mb="0" cb="0"/><line nr="248" mi="0" ci="4" mb="0" cb="0"/><line nr="249" mi="0" ci="1" mb="0" cb="0"/><line nr="252" mi="0" ci="6" mb="0" cb="0"/><line nr="253" mi="0" ci="7" mb="0" cb="0"/><line nr="255" mi="0" ci="6" mb="0" cb="0"/><line nr="256" mi="0" ci="7" mb="0" cb="0"/><line nr="258" mi="0" ci="6" mb="0" cb="0"/><line nr="260" mi="0" ci="4" mb="0" cb="0"/><line nr="262" mi="0" ci="9" mb="0" cb="0"/><line nr="263" mi="0" ci="3" mb="0" cb="0"/><line nr="264" mi="0" ci="4" mb="0" cb="0"/><line nr="265" mi="0" ci="6" mb="0" cb="0"/><line nr="266" mi="0" ci="7" mb="0" cb="0"/><line nr="268" mi="0" ci="3" mb="0" cb="0"/><line nr="269" mi="0" ci="4" mb="0" cb="0"/><line nr="270" mi="0" ci="6" mb="0" cb="0"/><line nr="271" mi="0" ci="7" mb="0" cb="0"/><line nr="273" mi="0" ci="3" mb="0" cb="0"/><line nr="274" mi="0" ci="4" mb="0" cb="0"/><line nr="275" mi="0" ci="6" mb="0" cb="0"/><line nr="276" mi="0" ci="7" mb="0" cb="0"/><line nr="278" mi="0" ci="3" mb="0" cb="0"/><line nr="279" mi="0" ci="4" mb="0" cb="0"/><line nr="280" mi="0" ci="6" mb="0" cb="0"/><line nr="281" mi="0" ci="7" mb="0" cb="0"/><line nr="283" mi="0" ci="9" mb="0" cb="0"/><line nr="284" mi="0" ci="4" mb="0" cb="0"/><line nr="285" mi="0" ci="6" mb="0" cb="0"/><line nr="286" mi="0" ci="7" mb="0" cb="0"/><line nr="288" mi="0" ci="9" mb="0" cb="0"/><line nr="289" mi="0" ci="4" mb="0" cb="0"/><line nr="290" mi="0" ci="6" mb="0" cb="0"/><line nr="291" mi="0" ci="7" mb="0" cb="0"/><line nr="293" mi="0" ci="9" mb="0" cb="0"/><line nr="294" mi="0" ci="4" mb="0" cb="0"/><line nr="295" mi="0" ci="6" mb="0" cb="0"/><line nr="296" mi="0" ci="7" mb="0" cb="0"/><line nr="298" mi="0" ci="9" mb="0" cb="0"/><line nr="299" mi="0" ci="4" mb="0" cb="0"/><line nr="300" mi="0" ci="6" mb="0" cb="0"/><line nr="301" mi="0" ci="7" mb="0" cb="0"/><line nr="303" mi="0" ci="9" mb="0" cb="0"/><line nr="304" mi="0" ci="4" mb="0" cb="0"/><line nr="305" mi="0" ci="4" mb="0" cb="0"/><line nr="306" mi="0" ci="6" mb="0" cb="0"/><line nr="307" mi="0" ci="6" mb="0" cb="0"/><line nr="308" mi="0" ci="7" mb="0" cb="0"/><line nr="310" mi="0" ci="9" mb="0" cb="0"/><line nr="311" mi="0" ci="4" mb="0" cb="0"/><line nr="312" mi="0" ci="4" mb="0" cb="0"/><line nr="313" mi="0" ci="6" mb="0" cb="0"/><line nr="314" mi="0" ci="6" mb="0" cb="0"/><line nr="315" mi="0" ci="7" mb="0" cb="0"/><line nr="317" mi="0" ci="9" mb="0" cb="0"/><line nr="318" mi="0" ci="4" mb="0" cb="0"/><line nr="319" mi="0" ci="4" mb="0" cb="0"/><line nr="320" mi="0" ci="6" mb="0" cb="0"/><line nr="321" mi="0" ci="6" mb="0" cb="0"/><line nr="322" mi="0" ci="7" mb="0" cb="0"/><line nr="324" mi="0" ci="9" mb="0" cb="0"/><line nr="325" mi="0" ci="4" mb="0" cb="0"/><line nr="326" mi="0" ci="4" mb="0" cb="0"/><line nr="327" mi="0" ci="6" mb="0" cb="0"/><line nr="328" mi="0" ci="6" mb="0" cb="0"/><line nr="329" mi="0" ci="7" mb="0" cb="0"/><line nr="331" mi="0" ci="9" mb="0" cb="0"/><line nr="332" mi="0" ci="4" mb="0" cb="0"/><line nr="333" mi="0" ci="4" mb="0" cb="0"/><line nr="334" mi="0" ci="6" mb="0" cb="0"/><line nr="335" mi="0" ci="6" mb="0" cb="0"/><line nr="336" mi="0" ci="7" mb="0" cb="0"/><line nr="338" mi="0" ci="9" mb="0" cb="0"/><line nr="339" mi="0" ci="4" mb="0" cb="0"/><line nr="340" mi="0" ci="4" mb="0" cb="0"/><line nr="341" mi="0" ci="6" mb="0" cb="0"/><line nr="342" mi="0" ci="6" mb="0" cb="0"/><line nr="343" mi="0" ci="7" mb="0" cb="0"/><line nr="345" mi="0" ci="9" mb="0" cb="0"/><line nr="346" mi="0" ci="4" mb="0" cb="0"/><line nr="347" mi="0" ci="4" mb="0" cb="0"/><line nr="348" mi="0" ci="6" mb="0" cb="0"/><line nr="349" mi="0" ci="6" mb="0" cb="0"/><line nr="350" mi="0" ci="7" mb="0" cb="0"/><line nr="352" mi="0" ci="9" mb="0" cb="0"/><line nr="353" mi="0" ci="4" mb="0" cb="0"/><line nr="354" mi="0" ci="4" mb="0" cb="0"/><line nr="355" mi="0" ci="6" mb="0" cb="0"/><line nr="356" mi="0" ci="6" mb="0" cb="0"/><line nr="357" mi="0" ci="7" mb="0" cb="0"/><line nr="359" mi="0" ci="9" mb="0" cb="0"/><line nr="360" mi="0" ci="4" mb="0" cb="0"/><line nr="361" mi="0" ci="4" mb="0" cb="0"/><line nr="362" mi="0" ci="6" mb="0" cb="0"/><line nr="363" mi="0" ci="6" mb="0" cb="0"/><line nr="364" mi="0" ci="7" mb="0" cb="0"/><line nr="366" mi="0" ci="9" mb="0" cb="0"/><line nr="367" mi="0" ci="4" mb="0" cb="0"/><line nr="368" mi="0" ci="4" mb="0" cb="0"/><line nr="369" mi="0" ci="6" mb="0" cb="0"/><line nr="370" mi="0" ci="6" mb="0" cb="0"/><line nr="371" mi="0" ci="7" mb="0" cb="0"/><line nr="373" mi="0" ci="9" mb="0" cb="0"/><line nr="374" mi="0" ci="4" mb="0" cb="0"/><line nr="375" mi="0" ci="4" mb="0" cb="0"/><line nr="376" mi="0" ci="6" mb="0" cb="0"/><line nr="377" mi="0" ci="6" mb="0" cb="0"/><line nr="378" mi="0" ci="7" mb="0" cb="0"/><line nr="380" mi="0" ci="9" mb="0" cb="0"/><line nr="381" mi="0" ci="4" mb="0" cb="0"/><line nr="382" mi="0" ci="4" mb="0" cb="0"/><line nr="383" mi="0" ci="6" mb="0" cb="0"/><line nr="384" mi="0" ci="6" mb="0" cb="0"/><line nr="385" mi="0" ci="7" mb="0" cb="0"/><line nr="387" mi="0" ci="9" mb="0" cb="0"/><line nr="388" mi="0" ci="4" mb="0" cb="0"/><line nr="389" mi="0" ci="4" mb="0" cb="0"/><line nr="390" mi="0" ci="6" mb="0" cb="0"/><line nr="391" mi="0" ci="6" mb="0" cb="0"/><line nr="392" mi="0" ci="7" mb="0" cb="0"/><line nr="394" mi="0" ci="9" mb="0" cb="0"/><line nr="395" mi="0" ci="4" mb="0" cb="0"/><line nr="396" mi="0" ci="4" mb="0" cb="0"/><line nr="397" mi="0" ci="6" mb="0" cb="0"/><line nr="398" mi="0" ci="6" mb="0" cb="0"/><line nr="399" mi="0" ci="7" mb="0" cb="0"/><line nr="401" mi="0" ci="9" mb="0" cb="0"/><line nr="402" mi="0" ci="4" mb="0" cb="0"/><line nr="403" mi="0" ci="4" mb="0" cb="0"/><line nr="404" mi="0" ci="6" mb="0" cb="0"/><line nr="405" mi="0" ci="6" mb="0" cb="0"/><line nr="406" mi="0" ci="7" mb="0" cb="0"/><line nr="408" mi="0" ci="9" mb="0" cb="0"/><line nr="409" mi="0" ci="4" mb="0" cb="0"/><line nr="410" mi="0" ci="4" mb="0" cb="0"/><line nr="411" mi="0" ci="6" mb="0" cb="0"/><line nr="412" mi="0" ci="6" mb="0" cb="0"/><line nr="413" mi="0" ci="7" mb="0" cb="0"/><line nr="415" mi="0" ci="9" mb="0" cb="0"/><line nr="416" mi="0" ci="4" mb="0" cb="0"/><line nr="417" mi="0" ci="4" mb="0" cb="0"/><line nr="418" mi="0" ci="6" mb="0" cb="0"/><line nr="419" mi="0" ci="6" mb="0" cb="0"/><line nr="420" mi="0" ci="7" mb="0" cb="0"/><line nr="422" mi="0" ci="9" mb="0" cb="0"/><line nr="423" mi="0" ci="4" mb="0" cb="0"/><line nr="424" mi="0" ci="4" mb="0" cb="0"/><line nr="425" mi="0" ci="6" mb="0" cb="0"/><line nr="426" mi="0" ci="6" mb="0" cb="0"/><line nr="427" mi="0" ci="7" mb="0" cb="0"/><line nr="429" mi="0" ci="9" mb="0" cb="0"/><line nr="430" mi="0" ci="4" mb="0" cb="0"/><line nr="431" mi="0" ci="4" mb="0" cb="0"/><line nr="432" mi="0" ci="6" mb="0" cb="0"/><line nr="433" mi="0" ci="6" mb="0" cb="0"/><line nr="434" mi="0" ci="7" mb="0" cb="0"/><line nr="436" mi="0" ci="9" mb="0" cb="0"/><line nr="437" mi="0" ci="4" mb="0" cb="0"/><line nr="438" mi="0" ci="4" mb="0" cb="0"/><line nr="439" mi="0" ci="6" mb="0" cb="0"/><line nr="440" mi="0" ci="6" mb="0" cb="0"/><line nr="441" mi="0" ci="7" mb="0" cb="0"/><line nr="443" mi="0" ci="9" mb="0" cb="0"/><line nr="444" mi="0" ci="4" mb="0" cb="0"/><line nr="445" mi="0" ci="4" mb="0" cb="0"/><line nr="446" mi="0" ci="6" mb="0" cb="0"/><line nr="447" mi="0" ci="6" mb="0" cb="0"/><line nr="448" mi="0" ci="7" mb="0" cb="0"/><line nr="450" mi="0" ci="9" mb="0" cb="0"/><line nr="451" mi="0" ci="4" mb="0" cb="0"/><line nr="452" mi="0" ci="4" mb="0" cb="0"/><line nr="453" mi="0" ci="6" mb="0" cb="0"/><line nr="454" mi="0" ci="6" mb="0" cb="0"/><line nr="455" mi="0" ci="7" mb="0" cb="0"/><line nr="457" mi="0" ci="9" mb="0" cb="0"/><line nr="458" mi="0" ci="4" mb="0" cb="0"/><line nr="459" mi="0" ci="4" mb="0" cb="0"/><line nr="460" mi="0" ci="6" mb="0" cb="0"/><line nr="461" mi="0" ci="6" mb="0" cb="0"/><line nr="462" mi="0" ci="7" mb="0" cb="0"/><line nr="464" mi="0" ci="9" mb="0" cb="0"/><line nr="465" mi="0" ci="4" mb="0" cb="0"/><line nr="466" mi="0" ci="4" mb="0" cb="0"/><line nr="467" mi="0" ci="6" mb="0" cb="0"/><line nr="468" mi="0" ci="6" mb="0" cb="0"/><line nr="469" mi="0" ci="7" mb="0" cb="0"/><line nr="471" mi="0" ci="9" mb="0" cb="0"/><line nr="472" mi="0" ci="4" mb="0" cb="0"/><line nr="473" mi="0" ci="4" mb="0" cb="0"/><line nr="474" mi="0" ci="6" mb="0" cb="0"/><line nr="475" mi="0" ci="6" mb="0" cb="0"/><line nr="476" mi="0" ci="7" mb="0" cb="0"/><line nr="478" mi="0" ci="9" mb="0" cb="0"/><line nr="479" mi="0" ci="4" mb="0" cb="0"/><line nr="480" mi="0" ci="4" mb="0" cb="0"/><line nr="481" mi="0" ci="6" mb="0" cb="0"/><line nr="482" mi="0" ci="6" mb="0" cb="0"/><line nr="483" mi="0" ci="7" mb="0" cb="0"/><line nr="485" mi="0" ci="9" mb="0" cb="0"/><line nr="486" mi="0" ci="4" mb="0" cb="0"/><line nr="487" mi="0" ci="4" mb="0" cb="0"/><line nr="488" mi="0" ci="6" mb="0" cb="0"/><line nr="489" mi="0" ci="6" mb="0" cb="0"/><line nr="490" mi="0" ci="7" mb="0" cb="0"/><line nr="492" mi="0" ci="9" mb="0" cb="0"/><line nr="493" mi="0" ci="4" mb="0" cb="0"/><line nr="494" mi="0" ci="4" mb="0" cb="0"/><line nr="495" mi="0" ci="6" mb="0" cb="0"/><line nr="496" mi="0" ci="6" mb="0" cb="0"/><line nr="497" mi="0" ci="7" mb="0" cb="0"/><line nr="499" mi="0" ci="9" mb="0" cb="0"/><line nr="500" mi="0" ci="4" mb="0" cb="0"/><line nr="501" mi="0" ci="4" mb="0" cb="0"/><line nr="502" mi="0" ci="6" mb="0" cb="0"/><line nr="503" mi="0" ci="6" mb="0" cb="0"/><line nr="504" mi="0" ci="7" mb="0" cb="0"/><line nr="506" mi="0" ci="9" mb="0" cb="0"/><line nr="507" mi="0" ci="4" mb="0" cb="0"/><line nr="508" mi="0" ci="4" mb="0" cb="0"/><line nr="509" mi="0" ci="6" mb="0" cb="0"/><line nr="510" mi="0" ci="6" mb="0" cb="0"/><line nr="511" mi="0" ci="7" mb="0" cb="0"/><line nr="513" mi="0" ci="9" mb="0" cb="0"/><line nr="514" mi="0" ci="4" mb="0" cb="0"/><line nr="515" mi="0" ci="4" mb="0" cb="0"/><line nr="516" mi="0" ci="6" mb="0" cb="0"/><line nr="517" mi="0" ci="6" mb="0" cb="0"/><line nr="518" mi="0" ci="7" mb="0" cb="0"/><line nr="520" mi="0" ci="9" mb="0" cb="0"/><line nr="521" mi="0" ci="4" mb="0" cb="0"/><line nr="522" mi="0" ci="4" mb="0" cb="0"/><line nr="523" mi="0" ci="6" mb="0" cb="0"/><line nr="524" mi="0" ci="6" mb="0" cb="0"/><line nr="525" mi="0" ci="7" mb="0" cb="0"/><line nr="527" mi="0" ci="9" mb="0" cb="0"/><line nr="528" mi="0" ci="4" mb="0" cb="0"/><line nr="529" mi="0" ci="4" mb="0" cb="0"/><line nr="530" mi="0" ci="6" mb="0" cb="0"/><line nr="531" mi="0" ci="6" mb="0" cb="0"/><line nr="532" mi="0" ci="7" mb="0" cb="0"/><line nr="534" mi="0" ci="9" mb="0" cb="0"/><line nr="535" mi="0" ci="4" mb="0" cb="0"/><line nr="536" mi="0" ci="4" mb="0" cb="0"/><line nr="537" mi="0" ci="6" mb="0" cb="0"/><line nr="538" mi="0" ci="6" mb="0" cb="0"/><line nr="539" mi="0" ci="7" mb="0" cb="0"/><line nr="541" mi="0" ci="9" mb="0" cb="0"/><line nr="542" mi="0" ci="4" mb="0" cb="0"/><line nr="543" mi="0" ci="4" mb="0" cb="0"/><line nr="544" mi="0" ci="6" mb="0" cb="0"/><line nr="545" mi="0" ci="6" mb="0" cb="0"/><line nr="546" mi="0" ci="7" mb="0" cb="0"/><line nr="548" mi="0" ci="9" mb="0" cb="0"/><line nr="549" mi="0" ci="4" mb="0" cb="0"/><line nr="550" mi="0" ci="4" mb="0" cb="0"/><line nr="551" mi="0" ci="6" mb="0" cb="0"/><line nr="552" mi="0" ci="6" mb="0" cb="0"/><line nr="553" mi="0" ci="7" mb="0" cb="0"/><line nr="555" mi="0" ci="9" mb="0" cb="0"/><line nr="556" mi="0" ci="4" mb="0" cb="0"/><line nr="557" mi="0" ci="4" mb="0" cb="0"/><line nr="558" mi="0" ci="6" mb="0" cb="0"/><line nr="559" mi="0" ci="6" mb="0" cb="0"/><line nr="560" mi="0" ci="7" mb="0" cb="0"/><line nr="562" mi="0" ci="9" mb="0" cb="0"/><line nr="563" mi="0" ci="4" mb="0" cb="0"/><line nr="564" mi="0" ci="4" mb="0" cb="0"/><line nr="565" mi="0" ci="6" mb="0" cb="0"/><line nr="566" mi="0" ci="6" mb="0" cb="0"/><line nr="567" mi="0" ci="7" mb="0" cb="0"/><line nr="569" mi="0" ci="9" mb="0" cb="0"/><line nr="570" mi="0" ci="4" mb="0" cb="0"/><line nr="571" mi="0" ci="4" mb="0" cb="0"/><line nr="572" mi="0" ci="6" mb="0" cb="0"/><line nr="573" mi="0" ci="6" mb="0" cb="0"/><line nr="574" mi="0" ci="7" mb="0" cb="0"/><line nr="576" mi="0" ci="9" mb="0" cb="0"/><line nr="577" mi="0" ci="4" mb="0" cb="0"/><line nr="578" mi="0" ci="4" mb="0" cb="0"/><line nr="579" mi="0" ci="6" mb="0" cb="0"/><line nr="580" mi="0" ci="6" mb="0" cb="0"/><line nr="581" mi="0" ci="7" mb="0" cb="0"/><line nr="583" mi="0" ci="9" mb="0" cb="0"/><line nr="584" mi="0" ci="4" mb="0" cb="0"/><line nr="585" mi="0" ci="4" mb="0" cb="0"/><line nr="586" mi="0" ci="6" mb="0" cb="0"/><line nr="587" mi="0" ci="6" mb="0" cb="0"/><line nr="588" mi="0" ci="7" mb="0" cb="0"/><line nr="590" mi="0" ci="9" mb="0" cb="0"/><line nr="591" mi="0" ci="4" mb="0" cb="0"/><line nr="592" mi="0" ci="4" mb="0" cb="0"/><line nr="593" mi="0" ci="6" mb="0" cb="0"/><line nr="594" mi="0" ci="6" mb="0" cb="0"/><line nr="595" mi="0" ci="7" mb="0" cb="0"/><line nr="597" mi="0" ci="9" mb="0" cb="0"/><line nr="598" mi="0" ci="4" mb="0" cb="0"/><line nr="599" mi="0" ci="4" mb="0" cb="0"/><line nr="600" mi="0" ci="6" mb="0" cb="0"/><line nr="601" mi="0" ci="6" mb="0" cb="0"/><line nr="602" mi="0" ci="7" mb="0" cb="0"/><line nr="604" mi="0" ci="9" mb="0" cb="0"/><line nr="605" mi="0" ci="4" mb="0" cb="0"/><line nr="606" mi="0" ci="4" mb="0" cb="0"/><line nr="607" mi="0" ci="6" mb="0" cb="0"/><line nr="608" mi="0" ci="6" mb="0" cb="0"/><line nr="609" mi="0" ci="7" mb="0" cb="0"/><line nr="611" mi="0" ci="9" mb="0" cb="0"/><line nr="612" mi="0" ci="4" mb="0" cb="0"/><line nr="613" mi="0" ci="4" mb="0" cb="0"/><line nr="614" mi="0" ci="6" mb="0" cb="0"/><line nr="615" mi="0" ci="6" mb="0" cb="0"/><line nr="616" mi="0" ci="7" mb="0" cb="0"/><line nr="618" mi="0" ci="9" mb="0" cb="0"/><line nr="619" mi="0" ci="4" mb="0" cb="0"/><line nr="620" mi="0" ci="4" mb="0" cb="0"/><line nr="621" mi="0" ci="6" mb="0" cb="0"/><line nr="622" mi="0" ci="6" mb="0" cb="0"/><line nr="623" mi="0" ci="7" mb="0" cb="0"/><line nr="625" mi="0" ci="9" mb="0" cb="0"/><line nr="626" mi="0" ci="4" mb="0" cb="0"/><line nr="627" mi="0" ci="4" mb="0" cb="0"/><line nr="628" mi="0" ci="6" mb="0" cb="0"/><line nr="629" mi="0" ci="6" mb="0" cb="0"/><line nr="630" mi="0" ci="7" mb="0" cb="0"/><line nr="632" mi="0" ci="9" mb="0" cb="0"/><line nr="633" mi="0" ci="4" mb="0" cb="0"/><line nr="634" mi="0" ci="4" mb="0" cb="0"/><line nr="635" mi="0" ci="6" mb="0" cb="0"/><line nr="636" mi="0" ci="6" mb="0" cb="0"/><line nr="637" mi="0" ci="7" mb="0" cb="0"/><line nr="639" mi="0" ci="9" mb="0" cb="0"/><line nr="640" mi="0" ci="4" mb="0" cb="0"/><line nr="641" mi="0" ci="4" mb="0" cb="0"/><line nr="642" mi="0" ci="6" mb="0" cb="0"/><line nr="643" mi="0" ci="6" mb="0" cb="0"/><line nr="644" mi="0" ci="7" mb="0" cb="0"/><line nr="646" mi="0" ci="9" mb="0" cb="0"/><line nr="647" mi="0" ci="4" mb="0" cb="0"/><line nr="648" mi="0" ci="4" mb="0" cb="0"/><line nr="649" mi="0" ci="6" mb="0" cb="0"/><line nr="650" mi="0" ci="6" mb="0" cb="0"/><line nr="651" mi="0" ci="7" mb="0" cb="0"/><line nr="653" mi="0" ci="9" mb="0" cb="0"/><line nr="654" mi="0" ci="4" mb="0" cb="0"/><line nr="655" mi="0" ci="4" mb="0" cb="0"/><line nr="656" mi="0" ci="6" mb="0" cb="0"/><line nr="657" mi="0" ci="6" mb="0" cb="0"/><line nr="658" mi="0" ci="7" mb="0" cb="0"/><line nr="660" mi="0" ci="9" mb="0" cb="0"/><line nr="661" mi="0" ci="4" mb="0" cb="0"/><line nr="662" mi="0" ci="4" mb="0" cb="0"/><line nr="663" mi="0" ci="6" mb="0" cb="0"/><line nr="664" mi="0" ci="6" mb="0" cb="0"/><line nr="665" mi="0" ci="7" mb="0" cb="0"/><line nr="667" mi="0" ci="9" mb="0" cb="0"/><line nr="668" mi="0" ci="4" mb="0" cb="0"/><line nr="669" mi="0" ci="4" mb="0" cb="0"/><line nr="670" mi="0" ci="6" mb="0" cb="0"/><line nr="671" mi="0" ci="6" mb="0" cb="0"/><line nr="672" mi="0" ci="7" mb="0" cb="0"/><line nr="674" mi="0" ci="9" mb="0" cb="0"/><line nr="675" mi="0" ci="4" mb="0" cb="0"/><line nr="676" mi="0" ci="4" mb="0" cb="0"/><line nr="677" mi="0" ci="6" mb="0" cb="0"/><line nr="678" mi="0" ci="6" mb="0" cb="0"/><line nr="679" mi="0" ci="7" mb="0" cb="0"/><line nr="681" mi="0" ci="9" mb="0" cb="0"/><line nr="682" mi="0" ci="4" mb="0" cb="0"/><line nr="683" mi="0" ci="4" mb="0" cb="0"/><line nr="684" mi="0" ci="6" mb="0" cb="0"/><line nr="685" mi="0" ci="6" mb="0" cb="0"/><line nr="686" mi="0" ci="7" mb="0" cb="0"/><line nr="688" mi="0" ci="9" mb="0" cb="0"/><line nr="689" mi="0" ci="4" mb="0" cb="0"/><line nr="690" mi="0" ci="4" mb="0" cb="0"/><line nr="691" mi="0" ci="6" mb="0" cb="0"/><line nr="692" mi="0" ci="6" mb="0" cb="0"/><line nr="693" mi="0" ci="7" mb="0" cb="0"/><line nr="695" mi="0" ci="9" mb="0" cb="0"/><line nr="696" mi="0" ci="4" mb="0" cb="0"/><line nr="697" mi="0" ci="4" mb="0" cb="0"/><line nr="698" mi="0" ci="6" mb="0" cb="0"/><line nr="699" mi="0" ci="6" mb="0" cb="0"/><line nr="700" mi="0" ci="7" mb="0" cb="0"/><line nr="702" mi="0" ci="9" mb="0" cb="0"/><line nr="703" mi="0" ci="4" mb="0" cb="0"/><line nr="704" mi="0" ci="4" mb="0" cb="0"/><line nr="705" mi="0" ci="6" mb="0" cb="0"/><line nr="706" mi="0" ci="6" mb="0" cb="0"/><line nr="707" mi="0" ci="7" mb="0" cb="0"/><line nr="709" mi="0" ci="9" mb="0" cb="0"/><line nr="710" mi="0" ci="4" mb="0" cb="0"/><line nr="711" mi="0" ci="4" mb="0" cb="0"/><line nr="712" mi="0" ci="6" mb="0" cb="0"/><line nr="713" mi="0" ci="6" mb="0" cb="0"/><line nr="714" mi="0" ci="7" mb="0" cb="0"/><line nr="716" mi="0" ci="9" mb="0" cb="0"/><line nr="717" mi="0" ci="4" mb="0" cb="0"/><line nr="718" mi="0" ci="4" mb="0" cb="0"/><line nr="719" mi="0" ci="6" mb="0" cb="0"/><line nr="720" mi="0" ci="6" mb="0" cb="0"/><line nr="721" mi="0" ci="7" mb="0" cb="0"/><line nr="723" mi="0" ci="9" mb="0" cb="0"/><line nr="724" mi="0" ci="4" mb="0" cb="0"/><line nr="725" mi="0" ci="4" mb="0" cb="0"/><line nr="726" mi="0" ci="6" mb="0" cb="0"/><line nr="727" mi="0" ci="6" mb="0" cb="0"/><line nr="728" mi="0" ci="7" mb="0" cb="0"/><line nr="730" mi="0" ci="9" mb="0" cb="0"/><line nr="731" mi="0" ci="4" mb="0" cb="0"/><line nr="732" mi="0" ci="4" mb="0" cb="0"/><line nr="733" mi="0" ci="6" mb="0" cb="0"/><line nr="734" mi="0" ci="6" mb="0" cb="0"/><line nr="735" mi="0" ci="7" mb="0" cb="0"/><line nr="737" mi="0" ci="9" mb="0" cb="0"/><line nr="738" mi="0" ci="4" mb="0" cb="0"/><line nr="739" mi="0" ci="4" mb="0" cb="0"/><line nr="740" mi="0" ci="6" mb="0" cb="0"/><line nr="741" mi="0" ci="6" mb="0" cb="0"/><line nr="742" mi="0" ci="7" mb="0" cb="0"/><line nr="744" mi="0" ci="9" mb="0" cb="0"/><line nr="745" mi="0" ci="4" mb="0" cb="0"/><line nr="746" mi="0" ci="4" mb="0" cb="0"/><line nr="747" mi="0" ci="6" mb="0" cb="0"/><line nr="748" mi="0" ci="6" mb="0" cb="0"/><line nr="749" mi="0" ci="7" mb="0" cb="0"/><line nr="751" mi="0" ci="9" mb="0" cb="0"/><line nr="752" mi="0" ci="4" mb="0" cb="0"/><line nr="753" mi="0" ci="4" mb="0" cb="0"/><line nr="754" mi="0" ci="6" mb="0" cb="0"/><line nr="755" mi="0" ci="6" mb="0" cb="0"/><line nr="756" mi="0" ci="7" mb="0" cb="0"/><line nr="758" mi="0" ci="9" mb="0" cb="0"/><line nr="759" mi="0" ci="4" mb="0" cb="0"/><line nr="760" mi="0" ci="4" mb="0" cb="0"/><line nr="761" mi="0" ci="6" mb="0" cb="0"/><line nr="762" mi="0" ci="6" mb="0" cb="0"/><line nr="763" mi="0" ci="7" mb="0" cb="0"/><line nr="765" mi="0" ci="9" mb="0" cb="0"/><line nr="766" mi="0" ci="4" mb="0" cb="0"/><line nr="767" mi="0" ci="4" mb="0" cb="0"/><line nr="768" mi="0" ci="6" mb="0" cb="0"/><line nr="769" mi="0" ci="6" mb="0" cb="0"/><line nr="770" mi="0" ci="7" mb="0" cb="0"/><line nr="772" mi="0" ci="9" mb="0" cb="0"/><line nr="773" mi="0" ci="4" mb="0" cb="0"/><line nr="774" mi="0" ci="4" mb="0" cb="0"/><line nr="775" mi="0" ci="6" mb="0" cb="0"/><line nr="776" mi="0" ci="6" mb="0" cb="0"/><line nr="777" mi="0" ci="7" mb="0" cb="0"/><line nr="779" mi="0" ci="9" mb="0" cb="0"/><line nr="780" mi="0" ci="4" mb="0" cb="0"/><line nr="781" mi="0" ci="4" mb="0" cb="0"/><line nr="782" mi="0" ci="6" mb="0" cb="0"/><line nr="783" mi="0" ci="6" mb="0" cb="0"/><line nr="784" mi="0" ci="7" mb="0" cb="0"/><line nr="786" mi="0" ci="9" mb="0" cb="0"/><line nr="787" mi="0" ci="4" mb="0" cb="0"/><line nr="788" mi="0" ci="4" mb="0" cb="0"/><line nr="789" mi="0" ci="6" mb="0" cb="0"/><line nr="790" mi="0" ci="6" mb="0" cb="0"/><line nr="791" mi="0" ci="7" mb="0" cb="0"/><line nr="793" mi="0" ci="9" mb="0" cb="0"/><line nr="794" mi="0" ci="4" mb="0" cb="0"/><line nr="795" mi="0" ci="4" mb="0" cb="0"/><line nr="796" mi="0" ci="6" mb="0" cb="0"/><line nr="797" mi="0" ci="6" mb="0" cb="0"/><line nr="798" mi="0" ci="7" mb="0" cb="0"/><line nr="800" mi="0" ci="9" mb="0" cb="0"/><line nr="801" mi="0" ci="4" mb="0" cb="0"/><line nr="802" mi="0" ci="4" mb="0" cb="0"/><line nr="803" mi="0" ci="6" mb="0" cb="0"/><line nr="804" mi="0" ci="6" mb="0" cb="0"/><line nr="805" mi="0" ci="7" mb="0" cb="0"/><line nr="807" mi="0" ci="9" mb="0" cb="0"/><line nr="808" mi="0" ci="4" mb="0" cb="0"/><line nr="809" mi="0" ci="4" mb="0" cb="0"/><line nr="810" mi="0" ci="6" mb="0" cb="0"/><line nr="811" mi="0" ci="6" mb="0" cb="0"/><line nr="812" mi="0" ci="7" mb="0" cb="0"/><line nr="814" mi="0" ci="9" mb="0" cb="0"/><line nr="815" mi="0" ci="4" mb="0" cb="0"/><line nr="816" mi="0" ci="4" mb="0" cb="0"/><line nr="817" mi="0" ci="6" mb="0" cb="0"/><line nr="818" mi="0" ci="6" mb="0" cb="0"/><line nr="819" mi="0" ci="7" mb="0" cb="0"/><line nr="821" mi="0" ci="9" mb="0" cb="0"/><line nr="822" mi="0" ci="4" mb="0" cb="0"/><line nr="823" mi="0" ci="4" mb="0" cb="0"/><line nr="824" mi="0" ci="6" mb="0" cb="0"/><line nr="825" mi="0" ci="6" mb="0" cb="0"/><line nr="826" mi="0" ci="7" mb="0" cb="0"/><line nr="828" mi="0" ci="9" mb="0" cb="0"/><line nr="829" mi="0" ci="4" mb="0" cb="0"/><line nr="830" mi="0" ci="4" mb="0" cb="0"/><line nr="831" mi="0" ci="6" mb="0" cb="0"/><line nr="832" mi="0" ci="6" mb="0" cb="0"/><line nr="833" mi="0" ci="7" mb="0" cb="0"/><line nr="835" mi="0" ci="9" mb="0" cb="0"/><line nr="836" mi="0" ci="4" mb="0" cb="0"/><line nr="837" mi="0" ci="4" mb="0" cb="0"/><line nr="838" mi="0" ci="6" mb="0" cb="0"/><line nr="839" mi="0" ci="6" mb="0" cb="0"/><line nr="840" mi="0" ci="7" mb="0" cb="0"/><line nr="842" mi="0" ci="9" mb="0" cb="0"/><line nr="843" mi="0" ci="4" mb="0" cb="0"/><line nr="844" mi="0" ci="4" mb="0" cb="0"/><line nr="845" mi="0" ci="6" mb="0" cb="0"/><line nr="846" mi="0" ci="6" mb="0" cb="0"/><line nr="847" mi="0" ci="7" mb="0" cb="0"/><line nr="849" mi="0" ci="9" mb="0" cb="0"/><line nr="850" mi="0" ci="4" mb="0" cb="0"/><line nr="851" mi="0" ci="4" mb="0" cb="0"/><line nr="852" mi="0" ci="6" mb="0" cb="0"/><line nr="853" mi="0" ci="6" mb="0" cb="0"/><line nr="854" mi="0" ci="7" mb="0" cb="0"/><line nr="856" mi="0" ci="9" mb="0" cb="0"/><line nr="857" mi="0" ci="4" mb="0" cb="0"/><line nr="858" mi="0" ci="4" mb="0" cb="0"/><line nr="859" mi="0" ci="6" mb="0" cb="0"/><line nr="860" mi="0" ci="6" mb="0" cb="0"/><line nr="861" mi="0" ci="7" mb="0" cb="0"/><line nr="863" mi="0" ci="6" mb="0" cb="0"/><line nr="865" mi="0" ci="4" mb="0" cb="0"/><line nr="867" mi="0" ci="9" mb="0" cb="0"/><line nr="868" mi="0" ci="9" mb="0" cb="0"/><line nr="869" mi="0" ci="4" mb="0" cb="0"/><line nr="870" mi="0" ci="4" mb="0" cb="0"/><line nr="871" mi="0" ci="6" mb="0" cb="0"/><line nr="872" mi="0" ci="7" mb="0" cb="0"/><line nr="874" mi="0" ci="9" mb="0" cb="0"/><line nr="875" mi="0" ci="4" mb="0" cb="0"/><line nr="876" mi="0" ci="4" mb="0" cb="0"/><line nr="877" mi="0" ci="6" mb="0" cb="0"/><line nr="878" mi="0" ci="7" mb="0" cb="0"/><line nr="880" mi="0" ci="4" mb="0" cb="0"/><line nr="882" mi="0" ci="6" mb="0" cb="0"/><line nr="883" mi="0" ci="9" mb="0" cb="0"/><line nr="884" mi="0" ci="4" mb="0" cb="0"/><line nr="885" mi="0" ci="6" mb="0" cb="0"/><line nr="886" mi="0" ci="7" mb="0" cb="0"/><line nr="888" mi="0" ci="9" mb="0" cb="0"/><line nr="889" mi="0" ci="4" mb="0" cb="0"/><line nr="890" mi="0" ci="6" mb="0" cb="0"/><line nr="891" mi="0" ci="7" mb="0" cb="0"/><line nr="893" mi="0" ci="9" mb="0" cb="0"/><line nr="894" mi="0" ci="4" mb="0" cb="0"/><line nr="895" mi="0" ci="6" mb="0" cb="0"/><line nr="896" mi="0" ci="7" mb="0" cb="0"/><line nr="898" mi="0" ci="9" mb="0" cb="0"/><line nr="899" mi="0" ci="4" mb="0" cb="0"/><line nr="900" mi="0" ci="6" mb="0" cb="0"/><line nr="901" mi="0" ci="7" mb="0" cb="0"/><line nr="903" mi="0" ci="4" mb="0" cb="0"/><line nr="905" mi="0" ci="16" mb="0" cb="0"/><line nr="908" mi="0" ci="9" mb="0" cb="0"/><line nr="909" mi="0" ci="4" mb="0" cb="0"/><line nr="910" mi="0" ci="6" mb="0" cb="0"/><
[...]
ci="4" mb="1" cb="1"/><line nr="1504" mi="3" ci="0" mb="0" cb="0"/><line nr="1507" mi="0" ci="4" mb="0" cb="0"/><line nr="1509" mi="0" ci="2" mb="1" cb="1"/><line nr="1510" mi="0" ci="4" mb="0" cb="0"/><line nr="1511" mi="0" ci="4" mb="0" cb="0"/><line nr="1513" mi="0" ci="1" mb="0" cb="0"/><line nr="1517" mi="0" ci="4" mb="0" cb="0"/><line nr="1518" mi="0" ci="4" mb="0" cb="0"/><line nr="1519" mi="0" ci="4" mb="0" cb="0"/><line nr="1520" mi="0" ci="4" mb="0" cb="0"/><line nr="1521" mi="0" ci="4" mb="0" cb="0"/><line nr="1522" mi="0" ci="4" mb="0" cb="0"/><line nr="1523" mi="0" ci="4" mb="0" cb="0"/><line nr="1524" mi="0" ci="4" mb="0" cb="0"/><line nr="1525" mi="0" ci="4" mb="0" cb="0"/><line nr="1527" mi="2" ci="5" mb="1" cb="1"/><line nr="1528" mi="5" ci="0" mb="2" cb="0"/><line nr="1529" mi="3" ci="0" mb="2" cb="0"/><line nr="1531" mi="3" ci="0" mb="2" cb="0"/><line nr="1532" mi="8" ci="0" mb="0" cb="0"/><line nr="1533" mi="4" ci="0" mb="0" cb="0"/><line nr="1534" mi="1" ci="0" mb="0" cb="0"/><line nr="1537" mi="8" ci="0" mb="0" cb="0"/><line nr="1538" mi="3" ci="0" mb="0" cb="0"/><line nr="1539" mi="4" ci="0" mb="0" cb="0"/><line nr="1540" mi="1" ci="0" mb="0" cb="0"/><line nr="1543" mi="0" ci="3" mb="0" cb="0"/><line nr="1546" mi="0" ci="4" mb="0" cb="0"/><line nr="1547" mi="0" ci="4" mb="0" cb="0"/><line nr="1548" mi="0" ci="4" mb="0" cb="0"/><line nr="1549" mi="0" ci="4" mb="0" cb="0"/><line nr="1550" mi="0" ci="2" mb="0" cb="0"/><line nr="1551" mi="0" ci="2" mb="0" cb="0"/><line nr="1552" mi="0" ci="1" mb="0" cb="0"/><line nr="1555" mi="0" ci="3" mb="1" cb="1"/><line nr="1557" mi="0" ci="4" mb="0" cb="0"/><line nr="1558" mi="0" ci="4" mb="0" cb="0"/><line nr="1559" mi="0" ci="4" mb="0" cb="0"/><line nr="1560" mi="0" ci="4" mb="0" cb="0"/><line nr="1561" mi="0" ci="4" mb="0" cb="0"/><line nr="1562" mi="0" ci="4" mb="0" cb="0"/><line nr="1563" mi="0" ci="4" mb="0" cb="0"/><line nr="1564" mi="0" ci="4" mb="0" cb="0"/><line nr="1565" mi="0" ci="4" mb="0" cb="0"/><line nr="1567" mi="0" ci="4" mb="0" cb="0"/><line nr="1568" mi="0" ci="2" mb="0" cb="0"/><line nr="1570" mi="0" ci="1" mb="0" cb="0"/><line nr="1574" mi="0" ci="4" mb="0" cb="0"/><line nr="1575" mi="0" ci="4" mb="0" cb="0"/><line nr="1576" mi="0" ci="4" mb="0" cb="0"/><line nr="1577" mi="0" ci="4" mb="0" cb="0"/><line nr="1578" mi="0" ci="4" mb="0" cb="0"/><line nr="1579" mi="0" ci="4" mb="0" cb="0"/><line nr="1580" mi="0" ci="4" mb="0" cb="0"/><line nr="1581" mi="0" ci="4" mb="0" cb="0"/><line nr="1582" mi="0" ci="4" mb="0" cb="0"/><line nr="1583" mi="0" ci="4" mb="0" cb="0"/><line nr="1584" mi="0" ci="4" mb="0" cb="0"/><line nr="1585" mi="0" ci="4" mb="0" cb="0"/><line nr="1586" mi="0" ci="4" mb="0" cb="0"/><line nr="1587" mi="0" ci="4" mb="0" cb="0"/><line nr="1589" mi="0" ci="4" mb="1" cb="1"/><line nr="1591" mi="3" ci="0" mb="0" cb="0"/><line nr="1594" mi="0" ci="4" mb="0" cb="0"/><line nr="1596" mi="0" ci="2" mb="1" cb="1"/><line nr="1597" mi="4" ci="0" mb="0" cb="0"/><line nr="1598" mi="4" ci="0" mb="0" cb="0"/><line nr="1600" mi="0" ci="1" mb="0" cb="0"/><line nr="1604" mi="0" ci="4" mb="0" cb="0"/><line nr="1605" mi="0" ci="4" mb="0" cb="0"/><line nr="1606" mi="0" ci="4" mb="0" cb="0"/><line nr="1607" mi="0" ci="4" mb="0" cb="0"/><line nr="1608" mi="0" ci="4" mb="0" cb="0"/><line nr="1609" mi="0" ci="4" mb="0" cb="0"/><line nr="1610" mi="0" ci="4" mb="0" cb="0"/><line nr="1611" mi="0" ci="4" mb="0" cb="0"/><line nr="1612" mi="0" ci="4" mb="0" cb="0"/><line nr="1613" mi="0" ci="4" mb="0" cb="0"/><line nr="1614" mi="0" ci="4" mb="0" cb="0"/><line nr="1615" mi="0" ci="4" mb="0" cb="0"/><line nr="1616" mi="0" ci="4" mb="0" cb="0"/><line nr="1617" mi="0" ci="4" mb="0" cb="0"/><line nr="1619" mi="2" ci="5" mb="1" cb="1"/><line nr="1620" mi="5" ci="0" mb="2" cb="0"/><line nr="1621" mi="5" ci="0" mb="2" cb="0"/><line nr="1622" mi="5" ci="0" mb="2" cb="0"/><line nr="1623" mi="5" ci="0" mb="2" cb="0"/><line nr="1624" mi="5" ci="0" mb="2" cb="0"/><line nr="1625" mi="3" ci="0" mb="2" cb="0"/><line nr="1627" mi="2" ci="0" mb="0" cb="0"/><line nr="1628" mi="2" ci="0" mb="0" cb="0"/><line nr="1630" mi="7" ci="0" mb="0" cb="0"/><line nr="1631" mi="5" ci="0" mb="2" cb="0"/><line nr="1632" mi="8" ci="0" mb="0" cb="0"/><line nr="1634" mi="2" ci="0" mb="0" cb="0"/><line nr="1635" mi="1" ci="0" mb="0" cb="0"/><line nr="1636" mi="11" ci="0" mb="0" cb="0"/><line nr="1637" mi="1" ci="0" mb="0" cb="0"/><line nr="1638" mi="5" ci="0" mb="2" cb="0"/><line nr="1639" mi="4" ci="0" mb="0" cb="0"/><line nr="1640" mi="3" ci="0" mb="2" cb="0"/><line nr="1641" mi="11" ci="0" mb="0" cb="0"/><line nr="1642" mi="6" ci="0" mb="0" cb="0"/><line nr="1643" mi="3" ci="0" mb="0" cb="0"/><line nr="1644" mi="6" ci="0" mb="0" cb="0"/><line nr="1647" mi="8" ci="0" mb="0" cb="0"/><line nr="1648" mi="6" ci="0" mb="0" cb="0"/><line nr="1649" mi="6" ci="0" mb="0" cb="0"/><line nr="1650" mi="3" ci="0" mb="0" cb="0"/><line nr="1651" mi="6" ci="0" mb="0" cb="0"/><line nr="1655" mi="3" ci="0" mb="0" cb="0"/><line nr="1657" mi="1" ci="0" mb="0" cb="0"/><line nr="1658" mi="0" ci="3" mb="0" cb="0"/><line nr="1661" mi="0" ci="4" mb="0" cb="0"/><line nr="1662" mi="0" ci="4" mb="0" cb="0"/><line nr="1663" mi="0" ci="4" mb="0" cb="0"/><line nr="1664" mi="0" ci="4" mb="0" cb="0"/><line nr="1665" mi="0" ci="4" mb="0" cb="0"/><line nr="1666" mi="0" ci="4" mb="0" cb="0"/><line nr="1667" mi="0" ci="4" mb="0" cb="0"/><line nr="1668" mi="0" ci="4" mb="0" cb="0"/><line nr="1669" mi="0" ci="4" mb="0" cb="0"/><line nr="1670" mi="0" ci="2" mb="0" cb="0"/><line nr="1671" mi="0" ci="2" mb="0" cb="0"/><line nr="1672" mi="0" ci="2" mb="0" cb="0"/><line nr="1673" mi="0" ci="1" mb="0" cb="0"/><line nr="1677" mi="0" ci="4" mb="0" cb="0"/><line nr="1678" mi="0" ci="4" mb="0" cb="0"/><line nr="1679" mi="0" ci="4" mb="0" cb="0"/><line nr="1680" mi="0" ci="4" mb="0" cb="0"/><line nr="1681" mi="0" ci="4" mb="0" cb="0"/><line nr="1682" mi="0" ci="4" mb="0" cb="0"/><line nr="1683" mi="0" ci="4" mb="0" cb="0"/><line nr="1684" mi="0" ci="4" mb="0" cb="0"/><line nr="1685" mi="0" ci="4" mb="0" cb="0"/><line nr="1686" mi="0" ci="4" mb="0" cb="0"/><line nr="1687" mi="0" ci="4" mb="0" cb="0"/><line nr="1688" mi="0" ci="4" mb="0" cb="0"/><line nr="1689" mi="0" ci="4" mb="0" cb="0"/><line nr="1690" mi="0" ci="4" mb="0" cb="0"/><line nr="1691" mi="0" ci="4" mb="0" cb="0"/><line nr="1692" mi="0" ci="4" mb="0" cb="0"/><line nr="1693" mi="0" ci="4" mb="0" cb="0"/><line nr="1694" mi="0" ci="4" mb="0" cb="0"/><line nr="1695" mi="0" ci="4" mb="0" cb="0"/><line nr="1696" mi="0" ci="4" mb="0" cb="0"/><line nr="1697" mi="0" ci="4" mb="0" cb="0"/><line nr="1698" mi="0" ci="4" mb="0" cb="0"/><line nr="1699" mi="0" ci="4" mb="0" cb="0"/><line nr="1700" mi="0" ci="4" mb="0" cb="0"/><line nr="1701" mi="0" ci="4" mb="0" cb="0"/><line nr="1702" mi="0" ci="4" mb="0" cb="0"/><line nr="1703" mi="0" ci="2" mb="0" cb="0"/><line nr="1704" mi="0" ci="1" mb="0" cb="0"/><line nr="1708" mi="2" ci="0" mb="0" cb="0"/><line nr="1709" mi="1" ci="0" mb="0" cb="0"/><line nr="1712" mi="2" ci="0" mb="0" cb="0"/><line nr="1713" mi="1" ci="0" mb="0" cb="0"/><line nr="1716" mi="2" ci="0" mb="0" cb="0"/><line nr="1717" mi="1" ci="0" mb="0" cb="0"/><line nr="1721" mi="4" ci="0" mb="0" cb="0"/><line nr="1722" mi="2" ci="0" mb="0" cb="0"/><line nr="1723" mi="1" ci="0" mb="0" cb="0"/><line nr="1728" mi="0" ci="5" mb="0" cb="0"/><line nr="1729" mi="0" ci="5" mb="0" cb="0"/><line nr="1730" mi="0" ci="5" mb="0" cb="0"/><line nr="1731" mi="0" ci="5" mb="0" cb="0"/><line nr="1732" mi="0" ci="5" mb="0" cb="0"/><line nr="1733" mi="0" ci="5" mb="0" cb="0"/><line nr="1734" mi="0" ci="5" mb="0" cb="0"/><line nr="1735" mi="0" ci="5" mb="0" cb="0"/><line nr="1736" mi="0" ci="5" mb="0" cb="0"/><line nr="1737" mi="0" ci="5" mb="0" cb="0"/><line nr="1738" mi="0" ci="5" mb="0" cb="0"/><line nr="1739" mi="0" ci="5" mb="0" cb="0"/><line nr="1740" mi="0" ci="5" mb="0" cb="0"/><line nr="1741" mi="0" ci="5" mb="0" cb="0"/><line nr="1742" mi="0" ci="5" mb="0" cb="0"/><line nr="1743" mi="0" ci="5" mb="0" cb="0"/><line nr="1744" mi="0" ci="5" mb="0" cb="0"/><line nr="1745" mi="0" ci="5" mb="0" cb="0"/><line nr="1746" mi="0" ci="5" mb="0" cb="0"/><line nr="1747" mi="0" ci="5" mb="0" cb="0"/><line nr="1749" mi="0" ci="5" mb="0" cb="0"/><line nr="1750" mi="0" ci="5" mb="0" cb="0"/><line nr="1751" mi="0" ci="5" mb="0" cb="0"/><line nr="1752" mi="0" ci="5" mb="0" cb="0"/><line nr="1753" mi="0" ci="5" mb="0" cb="0"/><line nr="1754" mi="0" ci="5" mb="0" cb="0"/><line nr="1755" mi="0" ci="5" mb="0" cb="0"/><line nr="1756" mi="0" ci="5" mb="0" cb="0"/><line nr="1757" mi="0" ci="5" mb="0" cb="0"/><line nr="1758" mi="0" ci="5" mb="0" cb="0"/><line nr="1759" mi="0" ci="5" mb="0" cb="0"/><line nr="1760" mi="0" ci="5" mb="0" cb="0"/><line nr="1761" mi="0" ci="5" mb="0" cb="0"/><line nr="1762" mi="0" ci="5" mb="0" cb="0"/><line nr="1763" mi="0" ci="5" mb="0" cb="0"/><line nr="1764" mi="0" ci="5" mb="0" cb="0"/><line nr="1765" mi="0" ci="5" mb="0" cb="0"/><line nr="1766" mi="0" ci="5" mb="0" cb="0"/><line nr="1767" mi="0" ci="5" mb="0" cb="0"/><line nr="1768" mi="0" ci="5" mb="0" cb="0"/><line nr="1770" mi="0" ci="5" mb="0" cb="0"/><line nr="1771" mi="0" ci="5" mb="0" cb="0"/><line nr="1772" mi="0" ci="5" mb="0" cb="0"/><line nr="1773" mi="0" ci="5" mb="0" cb="0"/><line nr="1774" mi="0" ci="5" mb="0" cb="0"/><line nr="1775" mi="0" ci="5" mb="0" cb="0"/><line nr="1776" mi="0" ci="5" mb="0" cb="0"/><line nr="1777" mi="0" ci="5" mb="0" cb="0"/><line nr="1778" mi="0" ci="5" mb="0" cb="0"/><line nr="1779" mi="0" ci="5" mb="0" cb="0"/><line nr="1780" mi="0" ci="5" mb="0" cb="0"/><line nr="1781" mi="0" ci="5" mb="0" cb="0"/><line nr="1782" mi="0" ci="5" mb="0" cb="0"/><line nr="1783" mi="0" ci="5" mb="0" cb="0"/><line nr="1784" mi="0" ci="5" mb="0" cb="0"/><line nr="1785" mi="0" ci="5" mb="0" cb="0"/><line nr="1786" mi="0" ci="5" mb="0" cb="0"/><line nr="1787" mi="0" ci="5" mb="0" cb="0"/><line nr="1788" mi="0" ci="5" mb="0" cb="0"/><line nr="1789" mi="0" ci="5" mb="0" cb="0"/><line nr="1791" mi="0" ci="5" mb="0" cb="0"/><line nr="1792" mi="0" ci="5" mb="0" cb="0"/><line nr="1793" mi="0" ci="5" mb="0" cb="0"/><line nr="1794" mi="0" ci="5" mb="0" cb="0"/><line nr="1795" mi="0" ci="5" mb="0" cb="0"/><line nr="1796" mi="0" ci="5" mb="0" cb="0"/><line nr="1797" mi="0" ci="5" mb="0" cb="0"/><line nr="1798" mi="0" ci="5" mb="0" cb="0"/><line nr="1799" mi="0" ci="5" mb="0" cb="0"/><line nr="1800" mi="0" ci="5" mb="0" cb="0"/><line nr="1801" mi="0" ci="5" mb="0" cb="0"/><line nr="1802" mi="0" ci="5" mb="0" cb="0"/><line nr="1803" mi="0" ci="5" mb="0" cb="0"/><line nr="1804" mi="0" ci="5" mb="0" cb="0"/><line nr="1805" mi="0" ci="5" mb="0" cb="0"/><line nr="1806" mi="0" ci="5" mb="0" cb="0"/><line nr="1807" mi="0" ci="5" mb="0" cb="0"/><line nr="1808" mi="0" ci="5" mb="0" cb="0"/><line nr="1809" mi="0" ci="5" mb="0" cb="0"/><line nr="1810" mi="0" ci="5" mb="0" cb="0"/><line nr="1811" mi="0" ci="1" mb="0" cb="0"/><line nr="1817" mi="0" ci="2" mb="0" cb="0"/><line nr="1819" mi="0" ci="2" mb="0" cb="0"/><line nr="1820" mi="0" ci="1" mb="0" cb="0"/><line nr="1825" mi="0" ci="7" mb="0" cb="2"/><line nr="1826" mi="0" ci="10" mb="0" cb="0"/><line nr="1828" mi="0" ci="1" mb="0" cb="0"/><line nr="1833" mi="2" ci="7" mb="1" cb="1"/><line nr="1834" mi="7" ci="0" mb="2" cb="0"/><line nr="1835" mi="7" ci="0" mb="0" cb="0"/><line nr="1836" mi="19" ci="0" mb="0" cb="0"/><line nr="1837" mi="1" ci="0" mb="0" cb="0"/><line nr="1840" mi="0" ci="1" mb="0" cb="0"/><line nr="1845" mi="9" ci="0" mb="2" cb="0"/><line nr="1846" mi="8" ci="0" mb="2" cb="0"/><line nr="1847" mi="2" ci="0" mb="0" cb="0"/><line nr="1850" mi="2" ci="0" mb="0" cb="0"/><line nr="1856" mi="9" ci="0" mb="2" cb="0"/><line nr="1857" mi="8" ci="0" mb="2" cb="0"/><line nr="1858" mi="6" ci="0" mb="0" cb="0"/><line nr="1860" mi="2" ci="0" mb="0" cb="0"/><line nr="1865" mi="0" ci="4" mb="0" cb="0"/><line nr="1866" mi="0" ci="4" mb="0" cb="0"/><line nr="1867" mi="0" ci="4" mb="0" cb="0"/><line nr="1868" mi="0" ci="1" mb="0" cb="0"/><line nr="1873" mi="0" ci="2" mb="0" cb="0"/><line nr="1875" mi="0" ci="2" mb="0" cb="0"/><line nr="1876" mi="0" ci="1" mb="0" cb="0"/><line nr="1883" mi="0" ci="2" mb="0" cb="0"/><line nr="1885" mi="0" ci="9" mb="0" cb="2"/><line nr="1886" mi="0" ci="8" mb="0" cb="0"/><line nr="1888" mi="0" ci="1" mb="0" cb="0"/><line nr="1895" mi="0" ci="2" mb="0" cb="0"/><line nr="1897" mi="2" ci="7" mb="1" cb="1"/><line nr="1898" mi="8" ci="0" mb="0" cb="0"/><line nr="1900" mi="0" ci="1" mb="0" cb="0"/><line nr="1905" mi="0" ci="2" mb="0" cb="0"/><line nr="1906" mi="0" ci="4" mb="0" cb="0"/><line nr="1907" mi="0" ci="4" mb="0" cb="0"/><line nr="1908" mi="0" ci="4" mb="0" cb="0"/><line nr="1909" mi="0" ci="4" mb="0" cb="0"/><line nr="1910" mi="0" ci="4" mb="0" cb="0"/><line nr="1911" mi="0" ci="4" mb="0" cb="0"/><line nr="1912" mi="0" ci="4" mb="0" cb="0"/><line nr="1913" mi="0" ci="4" mb="0" cb="0"/><line nr="1914" mi="0" ci="8" mb="0" cb="2"/><line nr="1915" mi="0" ci="7" mb="1" cb="1"/><line nr="1916" mi="6" ci="0" mb="0" cb="0"/><line nr="1919" mi="0" ci="1" mb="0" cb="0"/><counter type="INSTRUCTION" missed="729" covered="7643"/><counter type="BRANCH" missed="64" covered="20"/><counter type="LINE" missed="166" covered="1321"/><counter type="COMPLEXITY" missed="63" covered="48"/><counter type="METHOD" missed="24" covered="45"/><counter type="CLASS" missed="0" covered="19"/></sourcefile><sourcefile name="ListaCategorias.java"><line nr="11" mi="0" ci="2" mb="0" cb="0"/><line nr="12" mi="0" ci="1" mb="0" cb="0"/><line nr="16" mi="2" ci="0" mb="0" cb="0"/><line nr="21" mi="0" ci="2" mb="0" cb="0"/><counter type="INSTRUCTION" missed="2" covered="5"/><counter type="LINE" missed="1" covered="3"/><counter type="COMPLEXITY" missed="1" covered="2"/><counter type="METHOD" missed="1" covered="2"/><counter type="CLASS" missed="0" covered="1"/></sourcefile><sourcefile name="Cliente.java"><line nr="19" mi="0" ci="2" mb="0" cb="0"/><line nr="20" mi="0" ci="3" mb="0" cb="0"/><line nr="21" mi="0" ci="3" mb="0" cb="0"/><line nr="22" mi="0" ci="3" mb="0" cb="0"/><line nr="23" mi="0" ci="3" mb="0" cb="0"/><line nr="24" mi="0" ci="3" mb="0" cb="0"/><line nr="25" mi="0" ci="3" mb="0" cb="0"/><line nr="26" mi="0" ci="3" mb="0" cb="0"/><line nr="27" mi="0" ci="3" mb="0" cb="0"/><line nr="28" mi="0" ci="1" mb="0" cb="0"/><line nr="31" mi="0" ci="3" mb="0" cb="0"/><line nr="35" mi="0" ci="3" mb="0" cb="0"/><line nr="36" mi="0" ci="1" mb="0" cb="0"/><line nr="39" mi="0" ci="3" mb="0" cb="0"/><line nr="43" mi="0" ci="3" mb="0" cb="0"/><line nr="44" mi="0" ci="1" mb="0" cb="0"/><line nr="47" mi="0" ci="3" mb="0" cb="0"/><line nr="51" mi="0" ci="3" mb="0" cb="0"/><line nr="52" mi="0" ci="1" mb="0" cb="0"/><line nr="55" mi="0" ci="3" mb="0" cb="0"/><line nr="59" mi="0" ci="3" mb="0" cb="0"/><line nr="60" mi="0" ci="1" mb="0" cb="0"/><line nr="63" mi="0" ci="3" mb="0" cb="0"/><line nr="67" mi="0" ci="3" mb="0" cb="0"/><line nr="68" mi="0" ci="1" mb="0" cb="0"/><line nr="71" mi="0" ci="3" mb="0" cb="0"/><line nr="75" mi="0" ci="3" mb="0" cb="0"/><line nr="76" mi="0" ci="1" mb="0" cb="0"/><line nr="79" mi="0" ci="3" mb="0" cb="0"/><line nr="83" mi="0" ci="3" mb="0" cb="0"/><line nr="84" mi="0" ci="1" mb="0" cb="0"/><line nr="87" mi="0" ci="3" mb="0" cb="0"/><line nr="91" mi="0" ci="3" mb="0" cb="0"/><line nr="92" mi="0" ci="1" mb="0" cb="0"/><counter type="INSTRUCTION" missed="0" covered="83"/><counter type="LINE" missed="0" covered="34"/><counter type="COMPLEXITY" missed="0" covered="17"/><counter type="METHOD" missed="0" covered="17"/><counter type="CLASS" missed="0" covered="1"/></sourcefile><sourcefile name="Habitacion.java"><line nr="15" mi="0" ci="2" mb="0" cb="0"/><line nr="16" mi="0" ci="3" mb="0" cb="0"/><line nr="17" mi="0" ci="3" mb="0" cb="0"/><line nr="18" mi="0" ci="3" mb="0" cb="0"/><line nr="19" mi="0" ci="1" mb="0" cb="0"/><counter type="INSTRUCTION" missed="0" covered="12"/><counter type="LINE" missed="0" covered="5"/><counter type="COMPLEXITY" missed="0" covered="1"/><counter type="METHOD" missed="0" covered="1"/><counter type="CLASS" missed="0" covered="1"/></sourcefile><sourcefile name="Hotel.java"><line nr="23" mi="0" ci="2" mb="0" cb="0"/><line nr="24" mi="0" ci="3" mb="0" cb="0"/><line nr="25" mi="0" ci="5" mb="0" cb="0"/><line nr="26" mi="0" ci="5" mb="0" cb="0"/><line nr="27" mi="0" ci="5" mb="0" cb="0"/><line nr="28" mi="0" ci="1" mb="0" cb="0"/><line nr="33" mi="0" ci="7" mb="0" cb="0"/><line nr="34" mi="0" ci="7" mb="0" cb="0"/><line nr="35" mi="0" ci="7" mb="0" cb="0"/><line nr="37" mi="0" ci="4" mb="0" cb="0"/><line nr="38" mi="0" ci="4" mb="0" cb="0"/><line nr="39" mi="0" ci="4" mb="0" cb="0"/><line nr="40" mi="0" ci="1" mb="0" cb="0"/><line nr="46" mi="0" ci="7" mb="0" cb="0"/><line nr="47" mi="0" ci="7" mb="0" cb="0"/><line nr="48" mi="0" ci="7" mb="0" cb="0"/><line nr="49" mi="0" ci="1" mb="0" cb="0"/><line nr="54" mi="0" ci="10" mb="0" cb="0"/><line nr="55" mi="0" ci="1" mb="0" cb="0"/><line nr="59" mi="0" ci="5" mb="0" cb="0"/><line nr="60" mi="0" ci="1" mb="0" cb="0"/><line nr="64" mi="0" ci="6" mb="0" cb="0"/><line nr="73" mi="15" ci="0" mb="0" cb="0"/><line nr="77" mi="1" ci="0" mb="0" cb="0"/><line nr="85" mi="7" ci="0" mb="0" cb="0"/><line nr="86" mi="7" ci="0" mb="0" cb="0"/><line nr="87" mi="7" ci="0" mb="0" cb="0"/><line nr="88" mi="7" ci="0" mb="0" cb="0"/><line nr="89" mi="7" ci="0" mb="0" cb="0"/><line nr="90" mi="7" ci="0" mb="0" cb="0"/><line nr="91" mi="7" ci="0" mb="0" cb="0"/><line nr="92" mi="7" ci="0" mb="0" cb="0"/><line nr="93" mi="1" ci="0" mb="0" cb="0"/><line nr="97" mi="6" ci="0" mb="0" cb="0"/><line nr="102" mi="5" ci="0" mb="0" cb="0"/><line nr="103" mi="1" ci="0" mb="0" cb="0"/><line nr="108" mi="0" ci="10" mb="0" cb="0"/><line nr="109" mi="1" ci="0" mb="0" cb="0"/><line nr="110" mi="3" ci="0" mb="0" cb="0"/><line nr="111" mi="0" ci="1" mb="0" cb="0"/><line nr="113" mi="0" ci="5" mb="0" cb="0"/><line nr="114" mi="0" ci="5" mb="0" cb="0"/><line nr="115" mi="1" ci="0" mb="0" cb="0"/><line nr="116" mi="3" ci="0" mb="0" cb="0"/><line nr="117" mi="0" ci="1" mb="0" cb="0"/><line nr="119" mi="0" ci="3" mb="0" cb="0"/><line nr="120" mi="0" ci="3" mb="0" cb="0"/><line nr="121" mi="1" ci="0" mb="0" cb="0"/><line nr="122" mi="3" ci="0" mb="0" cb="0"/><line nr="123" mi="0" ci="1" mb="0" cb="0"/><line nr="124" mi="0" ci="1" mb="0" cb="0"/><line nr="129" mi="0" ci="10" mb="0" cb="0"/><line nr="130" mi="1" ci="0" mb="0" cb="0"/><line nr="131" mi="3" ci="0" mb="0" cb="0"/><line nr="132" mi="0" ci="1" mb="0" cb="0"/><line nr="134" mi="0" ci="6" mb="0" cb="0"/><line nr="135" mi="0" ci="6" mb="0" cb="0"/><line nr="136" mi="1" ci="0" mb="0" cb="0"/><line nr="137" mi="3" ci="0" mb="0" cb="0"/><line nr="138" mi="0" ci="1" mb="0" cb="0"/><line nr="140" mi="0" ci="3" mb="0" cb="0"/><line nr="141" mi="0" ci="3" mb="0" cb="0"/><line nr="142" mi="1" ci="0" mb="0" cb="0"/><line nr="143" mi="3" ci="0" mb="0" cb="0"/><line nr="144" mi="0" ci="1" mb="0" cb="0"/><line nr="145" mi="0" ci="1" mb="0" cb="0"/><counter type="INSTRUCTION" missed="109" covered="162"/><counter type="LINE" missed="26" covered="40"/><counter type="COMPLEXITY" missed="4" covered="8"/><counter type="METHOD" missed="4" covered="8"/><counter type="CLASS" missed="0" covered="1"/></sourcefile><counter type="INSTRUCTION" missed="851" covered="8247"/><counter type="BRANCH" missed="64" covered="20"/><counter type="LINE" missed="198" covered="1470"/><counter type="COMPLEXITY" missed="70" covered="85"/><counter type="METHOD" missed="31" covered="82"/><counter type="CLASS" missed="0" covered="29"/></package><counter type="INSTRUCTION" missed="851" covered="8247"/><counter type="BRANCH" missed="64" covered="20"/><counter type="LINE" missed="198" covered="1470"/><counter type="COMPLEXITY" missed="70" covered="85"/><counter type="METHOD" missed="31" covered="82"/><counter type="CLASS" missed="0" covered="29"/></report>